[[config]] symbreak:#f, simplify-constr:#t, qex-encoding:#f
[inference time] 3
[constraint]
t,
ForallEQ[]
d,
ForallEQ[]
c,
ForallEQ[(r[1] = @0)]

[query size] 6 6
[query aggr] #t #t
--------------------
[Table evaluation results]
  #(struct:Table dummy (dummy dummy) (((0 571981209004094468376) . 1)))
  #(struct:Table dummy (dummy dummy) ())
[NEQ]
[table size] (1 1 0 1) [real time] 1185 ms
(#(struct:Table c (course_id dept_name course) (((0 0 0) . 151102)))
 #(struct:Table d (dept_name budget) (((0 262131) . 109678)))
 #(struct:Table i (salary dept_name) ())
 #(struct:Table t (course_id instructor) (((0 0) . 131666))))

