[[config]] symbreak:#f, simplify-constr:#t, qex-encoding:#f
[inference time] 4
[constraint]
t,
ForallEQ[]
i,
ForallEQ[]
d,
ForallEQ[]
c,
ForallEQ[(r[1] = @0)]

[query size] 8 8
[query aggr] #t #t
--------------------
[table size] (1 1 1 1) [real time] 51 ms
[table size] (2 1 1 1) [real time] 31 ms
[Table evaluation results]
  #(struct:Table dummy (dummy dummy) (((0 50001) . 1)))
  #(struct:Table dummy (dummy dummy) ())
[NEQ]
[table size] (2 2 1 1) [real time] 495 ms
(#(struct:Table
   c
   (course_id dept_name course)
   (((0 0 -1) . 2643467763945236) ((0 0 0) . 14488846814183811334)))
 #(struct:Table d (dept_name budget) (((0 -1) . 36) ((0 0) . 2)))
 #(struct:Table i (salary dept_name) (((-1 0) . 1)))
 #(struct:Table t (course_id instructor) (((0 0) . 3))))

