[[config]] symbreak:#f, simplify-constr:#t, qex-encoding:#f
[inference time] 4
[constraint]
t,
ForallEQ[(r[2] = @0)]
d,
ForallEQ[]
c,
ForallEQ[]

[query size] 6 6
[query aggr] #t #t
--------------------
[Table evaluation results]
  #(struct:Table dummy (dummy dummy) ())
  #(struct:Table dummy (dummy dummy) (((((sv$8 . 1)) 0) . 1)))
[NEQ]
[table size] (1 1 0 1) [real time] 52 ms
(#(struct:Table c (course_id dept_name credits) (((0 5 0) . 1)))
 #(struct:Table d (dept_name budget building) (((5 4 3) . 1)))
 #(struct:Table i (salary dept_name) ())
 #(struct:Table t (course_id year semester) (((0 0 0) . 1))))

