[[config]] symbreak:#f, simplify-constr:#t, qex-encoding:#f
[inference time] 5
[constraint]
s,
ForallEQ[]
takes,
ForallEQ[]
student,
ForallEQ[(r[0] = @0)]
c,
ForallEQ[]

[query size] 8 8
[query aggr] #t #t
--------------------
[table size] (1 0 0 0 1 1 1) [real time] 44 ms
[table size] (2 0 0 0 1 1 1) [real time] 31 ms
[table size] (2 0 0 0 2 1 1) [real time] 35 ms
[table size] (2 0 0 0 2 2 1) [real time] 39 ms
[Table evaluation results]
  #(struct:Table dummy (dummy) (((-7) . 2)))
  #(struct:Table dummy (dummy) (((-7) . 1)))
[NEQ]
[table size] (2 0 0 0 2 2 2) [real time] 671 ms
(#(struct:Table
   c
   (course_id title dept_name credits)
   (((5 -4 -7 1) . 9) ((5 4 -8 0) . 8)))
 #(struct:Table d (dept_name building budget) ())
 #(struct:Table i (ID name dept_name salary) ())
 #(struct:Table t (ID course_id sec_id year) ())
 #(struct:Table
   s
   (course_id sec_id year building room_number time_slot_id)
   (((5 -7 -4 4 4 1) . 3) ((5 -7 -3 4 -3 0) . 13)))
 #(struct:Table
   takes
   (ID course_id sec_id year grade)
   (((-7 5 -7 -4 1) . 15) ((-7 5 -7 -3 0) . 14)))
 #(struct:Table
   student
   (ID name dept_name tot_cred)
   (((-7 -4 -7 1) . 11) ((-7 4 -8 0) . 10))))

