[[config]] symbreak:#f, simplify-constr:#t, qex-encoding:#f
[inference time] 5
[constraint]
s,
ForallEQ[]
takes,
ForallEQ[]
student,
ForallEQ[(r[0] = @0) ∧ (r[1] = @1)]

[query size] 7 7
[query aggr] #t #t
--------------------
[table size] (0 0 0 0 1 1 1) [real time] 41 ms
[table size] (0 0 0 0 2 1 1) [real time] 34 ms
[table size] (0 0 0 0 2 2 1) [real time] 1336 ms
[Table evaluation results]
  #(struct:Table dummy (dummy dummy) (((-5 4) . 1)))
  #(struct:Table dummy (dummy dummy) ())
[NEQ]
[table size] (0 0 0 0 2 2 2) [real time] 7185 ms
(#(struct:Table c (course_id title dept_name credits) ())
 #(struct:Table d (dept_name building budget) ())
 #(struct:Table i (ID name dept_name salary) ())
 #(struct:Table t (ID course_id sec_id year) ())
 #(struct:Table
   s
   (course_id sec_id year building room_number time_slot_id)
   (((-8 -8 -6 -4 -4 1) . 10) ((-8 -8 -4 -3 4 3) . 13)))
 #(struct:Table
   takes
   (ID course_id sec_id year grade)
   (((-5 -8 -8 -4 1) . 10) ((-5 -8 -8 -3 0) . 12)))
 #(struct:Table
   student
   (ID name dept_name tot_cred)
   (((-5 4 -4 1) . 13) ((-5 4 5 0) . 15))))

