[[config]] symbreak:#f, simplify-constr:#t, qex-encoding:#f
[inference time] 4
[constraint]
t,
ForallEQ[(r[0] = @2) ∧ (r[3] = 2010)]
c,
ForallEQ[(r[0] = @0) ∧ (r[1] = @1)]

[query size] 4 4
[query aggr] #f #f
--------------------
[Table evaluation results]
  #(struct:Table dummy (dummy dummy dummy) ())
  #(struct:Table dummy (dummy dummy dummy) (((6 0 0) . 1)))
[NEQ]
[table size] (1 0 0 1 0 0 0) [real time] 35 ms
(#(struct:Table c (course_id title dept_name credits) (((6 0 0 0) . 7)))
 #(struct:Table d (dept_name building budget) ())
 #(struct:Table i (ID name dept_name salary) ())
 #(struct:Table t (ID course_id sec_id year) (((0 0 0 2010) . 15)))
 #(struct:Table s (course_id sec_id year building room_number time_slot_id) ())
 #(struct:Table takes (ID course_id sec_id year grade) ())
 #(struct:Table student (ID name dept_name tot_cred) ()))

