[[config]] symbreak:#f, simplify-constr:#t, qex-encoding:#f
[inference time] 71
[constraint]
carriers,
ForallEQ[(r[1] = @0)]
months,
ForallEQ[(r[1] = str_july_$0)]
flights,
ForallEQ[]

[query size] 8 6
[query aggr] #f #f
--------------------
[Table evaluation results]
  #(struct:Table dummy (dummy dummy dummy dummy dummy dummy dummy dummy dummy dummy) (((0 0 0 0 10 0 0 0 10 20) . 107529846049716)))
  #(struct:Table dummy (dummy dummy dummy dummy dummy dummy dummy dummy) ())
[NEQ]
[table size] (1 0 1 1) [real time] 435 ms
(#(struct:Table months (mid month) (((8 0) . 6154)))
 #(struct:Table weekdays (did day_of_week) ())
 #(struct:Table carriers (cid name) (((0 0) . 7026)))
 #(struct:Table
   flights
   (fid
    year
    month_id
    day_of_month
    day_of_week_id
    carrier_id
    flight_num
    origin_city
    origin_state
    dest_city
    dest_state
    departure_delay
    taxi_out
    arrival_delay
    canceled
    actual_time
    distance
    capacity
    price)
   (((0 2015 8 15 0 0 0 0 0 0 0 0 0 0 0 10 0 0 0) . 1577))))

