[[config]] symbreak:#f, simplify-constr:#t, qex-encoding:#f
[inference time] 5
[constraint]
flights,
ForallEQ[]
carriers,
ForallEQ[(r[1] = @0)]

[query size] 4 4
[query aggr] #t #t
--------------------
[table size] (0 0 1 1) [real time] 25 ms
[table size] (0 0 2 1) [real time] 25 ms
[Table evaluation results]
  #(struct:Table dummy (dummy) (((-498) . 2)))
  #(struct:Table dummy (dummy) (((-498) . 1)))
[NEQ]
[table size] (0 0 2 2) [real time] 6887 ms
(#(struct:Table months (mid month) ())
 #(struct:Table weekdays (did day_of_week) ())
 #(struct:Table
   carriers
   (cid name)
   (((-1024 -498) . 272) ((-1023 -500) . 1914)))
 #(struct:Table
   flights
   (fid year month_id day_of_month carrier_id)
   (((-259 -1024 0 0 -1024) . 690) ((-4 -2 0 0 -1024) . 511))))

