[[config]] symbreak:#f, simplify-constr:#t, qex-encoding:#f
[inference time] 4
[constraint]
input,
ForallEQ[]

[query size] 6 6
[query aggr] #t #t
--------------------
[table size] (1) [real time] 28 ms
[table size] (2) [real time] 28 ms
[table size] (3) [real time] 21 ms
[table size] (4) [real time] 24 ms
[table size] (5) [real time] 26 ms
[table size] (6) [real time] 93 ms
[table size] (7) [real time] 30 ms
[table size] (8) [real time] 29 ms
[table size] (9) [real time] 31 ms
[table size] (10) [real time] 36 ms
[table size] (11) [real time] 40 ms
[table size] (12) [real time] 40 ms
[table size] (13) [real time] 47 ms
[table size] (14) [real time] 56 ms
[table size] (15) [real time] 52 ms
[table size] (16) [real time] 64 ms
[table size] (17) [real time] 69 ms
[table size] (18) [real time] 78 ms
[table size] (19) [real time] 77 ms
[table size] (20) [real time] 85 ms
[table size] (21) [real time] 95 ms
[table size] (22) [real time] 106 ms
[table size] (23) [real time] 104 ms
[table size] (24) [real time] 110 ms
[table size] (25) [real time] 125 ms
[table size] (26) [real time] 137 ms
[table size] (27) [real time] 146 ms
[table size] (28) [real time] 155 ms
[table size] (29) [real time] 178 ms
[table size] (30) [real time] 169 ms
[table size] (31) [real time] 173 ms
[table size] (32) [real time] 191 ms
[table size] (33) [real time] 203 ms
[table size] (34) [real time] 216 ms
[table size] (35) [real time] 235 ms
[table size] (36) [real time] 241 ms
[table size] (37) [real time] 251 ms
[table size] (38) [real time] 291 ms
[table size] (39) [real time] 269 ms
[table size] (40) [real time] 280 ms
[table size] (41) [real time] 296 ms
[table size] (42) [real time] 317 ms
[table size] (43) [real time] 332 ms
[table size] (44) [real time] 345 ms
[table size] (45) [real time] 510 ms
[table size] (46) [real time] 386 ms
[table size] (47) [real time] 405 ms
[table size] (48) [real time] 424 ms
[table size] (49) [real time] 505 ms
[table size] (50) [real time] 448 ms
[table size] (51) [real time] 471 ms
[table size] (52) [real time] 485 ms
[table size] (53) [real time] 508 ms
[table size] (54) [real time] 527 ms
[table size] (55) [real time] 535 ms
[table size] (56) [real time] 568 ms
[table size] (57) [real time] 590 ms
[table size] (58) [real time] 603 ms
[table size] (59) [real time] 626 ms
[table size] (60) [real time] 658 ms
[table size] (61) [real time] 924 ms
[table size] (62) [real time] 876 ms
[table size] (63) [real time] 703 ms
[table size] (64) [real time] 728 ms
[table size] (65) [real time] 762 ms
[table size] (66) [real time] 772 ms
[table size] (67) [real time] 814 ms
[table size] (68) [real time] 834 ms
[table size] (69) [real time] 873 ms
[table size] (70) [real time] 893 ms
[table size] (71) [real time] 932 ms
[table size] (72) [real time] 960 ms
[table size] (73) [real time] 987 ms
[table size] (74) [real time] 1007 ms
[table size] (75) [real time] 1447 ms
[table size] (76) [real time] 1065 ms
[table size] (77) [real time] 1111 ms
[table size] (78) [real time] 1140 ms
[table size] (79) [real time] 1178 ms
[table size] (80) [real time] 1546 ms
[table size] (81) [real time] 1201 ms
[table size] (82) [real time] 1234 ms
[table size] (83) [real time] 1265 ms
[table size] (84) [real time] 1304 ms
[table size] (85) [real time] 1339 ms
[table size] (86) [real time] 2035 ms
[table size] (87) [real time] 1413 ms
[table size] (88) [real time] 1463 ms
[table size] (89) [real time] 1473 ms
[table size] (90) [real time] 1504 ms
[table size] (91) [real time] 1566 ms
[table size] (92) [real time] 1603 ms
[table size] (93) [real time] 1653 ms
[table size] (94) [real time] 1665 ms
[table size] (95) [real time] 1697 ms
[table size] (96) [real time] 1757 ms
[table size] (97) [real time] 1826 ms
