[[symbreak]] #f
[inference time] 13
[constraint]
carriers,
ForallEQ[(r[1] = @0) ∨ (r[1] = @0)]
flights,
ForallEQ[(r[9] = str_san_francisco_ca_$0) ∧ (r[7] = str_seattle_wa_$0) ∨ (r[9] = str_san_francisco_ca_$0) ∧ (r[7] = str_seattle_wa_$0)]

--------------------
[query size] 4 5
[query aggr] #f #t
[Table evaluation results]
  #(struct:Table dummy (dummy) (((0) . 1)))
  #(struct:Table dummy (dummy) (((0) . 6)))
[NEQ]
[table size] (0 0 1 1) [real time] 126 ms
(#(struct:Table months (mid month) ())
 #(struct:Table weekdays (did day_of_week) ())
 #(struct:Table carriers (cid name) (((0 0) . 6)))
 #(struct:Table
   flights
   (fid
    year
    month_id
    day_of_month
    day_of_week_id
    carrier_id
    flight_num
    origin_city
    origin_state
    dest_city
    dest_state
    departure_delay
    taxi_out
    arrival_delay
    canceled
    actual_time
    distance
    capacity
    price)
   (((0 0 0 0 0 0 0 0 0 0 0 0 0 0 0 0 0 0 0) . 7))))

{"size":[1],"status":"UNSAT"}
