[[symbreak]] #f
[inference time] 8
[constraint]
flights,
ForallEQ[(r[7] = str_seattle_wa_$0) ∧ (r[9] = str_san_francisco_ca_$0) ∨ (r[9] = str_san_francisco_ca_$0) ∧ (r[7] = str_seattle_wa_$0) ∧ (#t)]
carriers,
ForallEQ[(r[1] = @0) ∨ (r[1] = @0)]

--------------------
[query size] 5 5
[query aggr] #f #f
[table size] (0 0 1 1) [real time] 77 ms
[query size] 5 5
[query aggr] #f #f
[table size] (0 0 2 1) [real time] 299 ms
[query size] 5 5
[query aggr] #f #f
[table size] (0 0 2 2) [real time] 889 ms
[query size] 5 5
[query aggr] #f #f
{"size":[1],"status":"UNSAT"}
