[[symbreak]] #f
[inference time] 10
[constraint]
flights,
ForallEQ[(r[9] = str_san_francisco_ca_$0) ∧ (r[7] = str_seattle_wa_$0) ∧ (#t)]
carriers,
ForallEQ[(#<void>) ∧ (r[1] = @0) ∨ (r[1] = @0)]

--------------------
[query size] 5 2
[query aggr] #f #f
[table size] (0 0 1 1) [real time] 95 ms
[query size] 5 2
[query aggr] #f #f
[table size] (0 0 2 1) [real time] 391 ms
[query size] 5 2
[query aggr] #f #f
[table size] (0 0 2 2) [real time] 641 ms
[query size] 5 2
[query aggr] #f #f
[table size] (0 0 3 2) [real time] 3041 ms
[query size] 5 2
[query aggr] #f #f
{"size":[1],"status":"UNSAT"}
