[[symbreak]] #f
[inference time] 8
[constraint]
carriers,
ForallEQ[(r[1] = @0) ∨ (r[1] = @0)]
flights,
ForallEQ[(r[7] = str_seattle_wa_$0) ∧ (r[9] = str_san_francisco_ca_$0) ∨ (r[9] = str_san_francisco_ca_$0) ∧ (r[7] = str_seattle_wa_$0)]

--------------------
[query size] 4 5
[query aggr] #f #f
[table size] (0 0 1 1) [real time] 81 ms
[query size] 4 5
[query aggr] #f #f
[table size] (0 0 2 1) [real time] 427 ms
[query size] 4 5
[query aggr] #f #f
[table size] (0 0 2 2) [real time] 359 ms
[query size] 4 5
[query aggr] #f #f
{"size":[1],"status":"UNSAT"}
