[[symbreak]] #t
[query size] 6 4
[query aggr] #f #f
[inference time] 16
[constraint]
weekdays,
ForallEQ[(r[1] = str_monday_$0)]
carriers,
ForallEQ[(r[1] = str_alaska_airlines_inc._$0) ∨ (r[1] = str_alaska_airlines_inc._$0)]
flights,
ForallEQ[(r[9] = str_boston_ma_$0) ∧ (r[7] = str_seattle_wa_$0) ∧ (r[6] = @0) ∨ (r[9] = str_boston_ma_$0) ∧ (r[7] = str_seattle_wa_$0) ∧ (r[6] = @0)]

--------------------
[Table evaluation results]
  #(struct:Table dummy (dummy) ())
  #(struct:Table dummy (dummy) (((0) . 1)))
[NEQ]
[table size] (0 1 1 1) [real time] 119 ms
(#(struct:Table months (mid month) ())
 #(struct:Table weekdays (did day_of_week) (((1 0) . 15)))
 #(struct:Table carriers (cid name) (((0 0) . 11)))
 #(struct:Table
   flights
   (fid
    year
    month_id
    day_of_month
    day_of_week_id
    carrier_id
    flight_num
    origin_city
    origin_state
    dest_city
    dest_state
    departure_delay
    taxi_out
    arrival_delay
    canceled
    actual_time
    distance
    capacity
    price)
   (((0 0 0 0 0 0 0 0 0 0 0 0 0 0 0 0 0 0 0) . 7))))

{"size":[1],"status":"UNSAT"}
