[[symbreak]] #t
[query size] 4 6
[query aggr] #t #t
[inference time] 10
[constraint]
weekdays,
ForallEQ[#t]
flights,
ForallEQ[#t ∨ #t]
carriers,
ForallEQ[(r[1] = @0) ∨ (r[1] = @0)]

--------------------
[Table evaluation results]
  #(struct:Table dummy (dummy) (((0) . 1)))
  #(struct:Table dummy (dummy) (((0) . 0)))
[NEQ]
[table size] (0 1 1 1) [real time] 172 ms
(#(struct:Table months (mid month) ())
 #(struct:Table weekdays (did day_of_week) (((1 0) . 1085)))
 #(struct:Table carriers (cid name) (((0 0) . 411)))
 #(struct:Table
   flights
   (fid
    year
    month_id
    day_of_month
    day_of_week_id
    carrier_id
    flight_num
    origin_city
    origin_state
    dest_city
    dest_state
    departure_delay
    taxi_out
    arrival_delay
    canceled
    actual_time
    distance
    capacity
    price)
   (((0 0 0 0 0 0 0 0 0 0 0 0 0 0 0 0 0 0 0) . 1855))))

{"size":[1],"status":"UNSAT"}
