[[symbreak]] #t
[query size] 4 6
[query aggr] #t #t
[inference time] 13
[constraint]
months,
ForallEQ[#t]
carriers,
ForallEQ[(r[1] = @0) ∨ (r[1] = @0)]
flights,
ForallEQ[((r[9] = str_seattle_wa_$0) ∧ (r[7] = str_new_york_ny_$0) ∨ (r[9] = str_new_york_ny_$0) ∧ (r[7] = str_seattle_wa_$0)) ∨ ((r[9] = str_seattle_wa_$0) ∧ (r[7] = str_new_york_ny_$0) ∨ (r[9] = str_new_york_ny_$0) ∧ (r[7] = str_seattle_wa_$0))]

--------------------
[Table evaluation results]
  #(struct:Table dummy (dummy dummy) (((5 6) . 1)))
  #(struct:Table dummy (dummy dummy) (((5 8) . 1)))
[NEQ]
[table size] (1 0 1 1) [real time] 167 ms
(#(struct:Table months (mid month) (((7 0) . 2)))
 #(struct:Table weekdays (did day_of_week) ())
 #(struct:Table carriers (cid name) (((5 5) . 1)))
 #(struct:Table
   flights
   (fid
    year
    month_id
    day_of_month
    day_of_week_id
    carrier_id
    flight_num
    origin_city
    origin_state
    dest_city
    dest_state
    departure_delay
    taxi_out
    arrival_delay
    canceled
    actual_time
    distance
    capacity
    price)
   (((0 0 7 0 0 5 0 4 0 3 0 0 0 0 0 0 0 0 1235) . 1))))

{"size":[1],"status":"UNSAT"}
