[Input] Solving testTransitiveInferenceAggregate.rkt
[Output] {"size":[0,0,0,0,6],"status":"UNSAT"}

[Input] Solving testAddRedundantSemiJoinRule.rkt
[Output] ""
"### Table evaluation results:"
(Table "dummy" '("dummy") '(((1) . 225)))
(Table "dummy" '("dummy") '(((1) . 3375)))
""
{"counter-example":[{"table-content":[["deptno","name"],[[[1,0],15]]],"table-name":"dept"},{"table-content":[["empno","ename","job","mgr","hiredate","comm","sal","deptno","slacker"],[[[1,0,0,0,0,0,0,1,0],15]]],"table-name":"emp"}],"status":"NEQ"}

[Input] Solving testTransitiveInferenceConjunctInPullUp.rkt
[Output] {"size":[0,0,0,0,4],"status":"UNSAT"}

[Input] Solving testPushFilterPastAgg.rkt
[Output] {"size":[20],"status":"UNSAT"}

[Input] Solving testPushAggregateThroughJoin3.rkt
[Output] {"size":[0,0,0,4,4],"status":"UNSAT"}

[Input] Solving testTransitiveInferenceConstantEquiPredicate.rkt
[Output] {"size":[0,0,0,0,34],"status":"UNSAT"}

[Input] Solving testPushFilterPastAggThree.rkt
[Output] {"size":[0,0,0,0,18],"status":"UNSAT"}

[Input] Solving testTransitiveInferenceJoin3way.rkt
[Output] {"size":[0,0,0,0,5],"status":"UNSAT"}

[Input] Solving testPullConstantThroughUnion3.rkt
[Output] {"size":[0,0,0,0,177],"status":"UNSAT"}

[Input] Solving testAggregateProjectPullUpConstants.rkt
[Output] {"size":[16],"status":"UNSAT"}

[Input] Solving testRemoveSemiJoinRightWithFilter.rkt
[Output] {"size":[8,7],"status":"UNSAT"}

[Input] Solving testAggregateConstantKeyRule.rkt
[Output] {"size":[0,0,0,0,6],"status":"UNSAT"}

[Input] Solving testPullConstantIntoProject.rkt
[Output] {"size":[0,0,0,0,64],"status":"UNSAT"}

[Input] Solving testPullConstantThroughUnion2.rkt
[Output] {"size":[0,0,0,0,79],"status":"UNSAT"}

[Input] Solving testRemoveSemiJoin.rkt
[Output] {"size":[0,0,0,18,17],"status":"UNSAT"}

[Input] Solving testMergeFilter.rkt
[Output] {"size":[104],"status":"UNSAT"}

[Input] Solving testTransitiveInferenceNoPullUpExprs.rkt
[Output] {"size":[0,0,0,0,34],"status":"UNSAT"}

[Input] Solving testPullConstantThroughUnion.rkt
[Output] {"size":[78],"status":"UNSAT"}

[Input] Solving testRemoveSemiJoinRight.rkt
[Output] {"size":[8,8],"status":"UNSAT"}

[Input] Solving testExtractJoinFilterRule.rkt
[Output] {"size":[0,0,0,30,30],"status":"UNSAT"}

[Input] Solving testAggregateConstantKeyRule2.rkt
[Output] {"size":[0,0,0,0,18],"status":"UNSAT"}

[Input] Solving testPullFilterThroughAggregate.rkt
[Output] {"size":[0,0,0,0,17],"status":"UNSAT"}

[Input] Solving testRemoveSemiJoinWithFilter.rkt
[Output] {"size":[0,0,0,15,15],"status":"UNSAT"}

[Input] Solving testAggregateProjectMerge.rkt
[Output] {"size":[12],"status":"UNSAT"}

[Input] Solving testDecorrelateExists.rkt
[Output] {"size":[4],"status":"UNSAT"}

[Input] Solving testPushJoinCondDownToProject.rkt
[Output] {"size":[0,0,0,16,16],"status":"UNSAT"}

[Input] Solving testTransitiveInferenceJoin3wayAgg.rkt
[Output] {"size":[0,0,0,0,5],"status":"UNSAT"}

[Input] Solving testPullConstantIntoFilter.rkt
[Output] {"size":[0,0,0,0,53],"status":"UNSAT"}

[Input] Solving testTransitiveInferenceComplexPredicate.rkt
[Output] {"size":[0,0,0,0,3],"status":"UNSAT"}

[Input] Solving testPushJoinThroughUnionOnLeft.rkt
[Output] {"size":[0,0,0,0,6],"status":"UNSAT"}

[Input] Solving testPushJoinThroughUnionOnRight.rkt
[Output] {"size":[0,0,0,0,6],"status":"UNSAT"}

[Input] Solving testPushProjectPastSetOp.rkt
[Output] {"size":[0,0,0,0,86],"status":"UNSAT"}

[Input] Solving testTransitiveInferenceProject.rkt
[Output] {"size":[0,0,0,0,6],"status":"UNSAT"}

[Input] Solving testAggregateGroupingSetsProjectMerge.rkt
[Output] {"size":[12],"status":"UNSAT"}

[Input] Solving testMergeJoinFilter.rkt
[Output] {"size":[13,12],"status":"UNSAT"}

[Input] Solving testTransitiveInferenceJoin.rkt
[Output] {"size":[0,0,0,0,6],"status":"UNSAT"}

[Input] Solving testPullAggregateThroughUnion.rkt
[Output] {"size":[0,0,0,0,10],"status":"UNSAT"}

[Input] Solving testPushSemiJoinPastJoinRuleLeft.rkt
[Output] ""
"### Table evaluation results:"
(Table "dummy" '("dummy") '(((0) . 275)))
(Table "dummy" '("dummy") '(((0) . 15125)))
""
{"counter-example":[{"table-content":[["deptno","name"],[[[0,0],11]]],"table-name":"dept"},{"table-content":[["empno","ename","job","mgr","hiredate","comm","sal","deptno","slacker"],[[[0,0,0,0,0,0,0,0,0],5]]],"table-name":"emp"}],"status":"NEQ"}

