[[config]] symbreak:#t, qex-encoding:#t
[inference time] 2
[constraint]
Scores,
ForallEQ[(r[2] > 2) ∧ (((r[0] = @0)))]

[query size] 3
[query aggr] #t
--------------------
[table size] (1 0) [real time] 26 ms
[table size] (2 0) [real time] 20 ms
[table size] (3 0) [real time] 37 ms
[table size] (4 0) [real time] 29 ms
[table size] (5 0) [real time] 51 ms
[table size] (6 0) [real time] 92 ms
[table size] (7 0) [real time] 198 ms
[table size] (8 0) [real time] 340 ms
[table size] (9 0) [real time] 648 ms
[table size] (10 0) [real time] 1164 ms
[Evaluation Result]
  ()
  #(struct:Table dummy (dummy dummy) (((((0 . 1) (0 . 1) (0 . 1) (0 . 1) (0 . 1) (0 . 1) (0 . 1) (0 . 1) (0 . 1) (0 . 1) (0 . 1)) 2014) . 1)))
[NEQ]
[table size] (11 0) [real time] 2128 ms
(#(struct:Table
   Scores
   (StudentID CourseID Points)
   (((0 -511 149) . 1)
    ((0 0 404) . 1)
    ((0 1 402) . 1)
    ((0 2 32) . 1)
    ((0 3 93) . 1)
    ((0 6 18) . 1)
    ((0 20 148) . 1)
    ((0 35 144) . 1)
    ((0 66 16) . 1)
    ((0 129 208) . 1)
    ((0 256 400) . 1)))
 #(struct:Table Students (StudentNr StudentName) ()))

