[[config]] symbreak:#t, qex-encoding:#t
[inference time] 2
[constraint]
Scores,
ForallEQ[(r[2] > 2) ∧ (((r[0] = @0)))]

[query size] 3
[query aggr] #t
--------------------
[table size] (1 0) [real time] 26 ms
[table size] (2 0) [real time] 20 ms
[table size] (3 0) [real time] 39 ms
[table size] (4 0) [real time] 37 ms
[table size] (5 0) [real time] 54 ms
[table size] (6 0) [real time] 105 ms
[table size] (7 0) [real time] 200 ms
[table size] (8 0) [real time] 370 ms
[table size] (9 0) [real time] 699 ms
[table size] (10 0) [real time] 1227 ms
[table size] (11 0) [real time] 2014 ms
[Evaluation Result]
  ()
  #(struct:Table dummy (dummy dummy) (((((0 . 1) (0 . 1) (0 . 1) (0 . 1) (0 . 1) (0 . 1) (0 . 1) (0 . 1) (0 . 1) (0 . 1) (0 . 1) (0 . 1)) 2430) . 1)))
[NEQ]
[table size] (12 0) [real time] 3487 ms
(#(struct:Table
   Scores
   (StudentID CourseID Points)
   (((0 -512 333) . 1)
    ((0 1 4) . 1)
    ((0 2 8) . 1)
    ((0 3 64) . 1)
    ((0 8 66) . 1)
    ((0 9 340) . 1)
    ((0 10 16) . 1)
    ((0 11 485) . 1)
    ((0 36 265) . 1)
    ((0 80 256) . 1)
    ((0 137 264) . 1)
    ((0 259 329) . 1)))
 #(struct:Table Students (StudentNr StudentName) ()))

