[[config]] symbreak:#t, qex-encoding:#t
[inference time] 2
[constraint]
Scores,
ForallEQ[(r[2] > 2) ∧ (((r[0] = @0)))]

[query size] 3
[query aggr] #t
--------------------
[table size] (1 0) [real time] 26 ms
[table size] (2 0) [real time] 17 ms
[table size] (3 0) [real time] 35 ms
[table size] (4 0) [real time] 29 ms
[table size] (5 0) [real time] 58 ms
[table size] (6 0) [real time] 100 ms
[table size] (7 0) [real time] 191 ms
[table size] (8 0) [real time] 355 ms
[table size] (9 0) [real time] 645 ms
[table size] (10 0) [real time] 1171 ms
[table size] (11 0) [real time] 2041 ms
[table size] (12 0) [real time] 3378 ms
[Evaluation Result]
  ()
  #(struct:Table dummy (dummy dummy) (((((0 . 1) (0 . 1) (0 . 1) (0 . 1) (0 . 1) (0 . 1) (0 . 1) (0 . 1) (0 . 1) (0 . 1) (0 . 1) (0 . 1) (0 . 1)) 1847) . 1)))
[NEQ]
[table size] (13 0) [real time] 6545 ms
(#(struct:Table
   Scores
   (StudentID CourseID Points)
   (((0 -512 32) . 1)
    ((0 -511 8) . 1)
    ((0 0 4) . 1)
    ((0 0 64) . 1)
    ((0 0 95) . 1)
    ((0 1 336) . 1)
    ((0 7 48) . 1)
    ((0 11 96) . 1)
    ((0 18 128) . 1)
    ((0 32 492) . 1)
    ((0 60 16) . 1)
    ((0 136 384) . 1)
    ((0 256 144) . 1)))
 #(struct:Table Students (StudentNr StudentName) ()))

