[[config]] symbreak:#t, qex-encoding:#t
[inference time] 1
[constraint]
Scores,
ForallEQ[(r[2] > 2) ∧ (((r[0] = @0)))]

[query size] 3
[query aggr] #t
--------------------
[table size] (1 0) [real time] 27 ms
[table size] (2 0) [real time] 18 ms
[table size] (3 0) [real time] 39 ms
[table size] (4 0) [real time] 32 ms
[table size] (5 0) [real time] 54 ms
[table size] (6 0) [real time] 103 ms
[table size] (7 0) [real time] 207 ms
[table size] (8 0) [real time] 353 ms
[table size] (9 0) [real time] 663 ms
[table size] (10 0) [real time] 1199 ms
[table size] (11 0) [real time] 2118 ms
[table size] (12 0) [real time] 3263 ms
[table size] (13 0) [real time] 5779 ms
[table size] (14 0) [real time] 9635 ms
[Evaluation Result]
  ()
  #(struct:Table dummy (dummy dummy) (((((0 . 1) (0 . 1) (0 . 1) (0 . 1) (0 . 1) (0 . 1) (0 . 1) (0 . 1) (0 . 1) (0 . 1) (0 . 1) (0 . 1) (0 . 1) (0 . 1) (0 . 1)) 4483) . 1)))
[NEQ]
[table size] (15 0) [real time] 18457 ms
(#(struct:Table
   Scores
   (StudentID CourseID Points)
   (((0 -512 346) . 1)
    ((0 -511 256) . 1)
    ((0 -510 258) . 1)
    ((0 -508 10) . 1)
    ((0 -505 257) . 1)
    ((0 -498 511) . 1)
    ((0 -492 507) . 1)
    ((0 -461 255) . 1)
    ((0 -430 41) . 1)
    ((0 -368 479) . 1)
    ((0 -241 181) . 1)
    ((0 14 370) . 1)
    ((0 77 306) . 1)
    ((0 138 368) . 1)
    ((0 259 338) . 1)))
 #(struct:Table Students (StudentNr StudentName) ()))

