[[config]] symbreak:#t, qex-encoding:#t
[inference time] 2
[constraint]
Scores,
ForallEQ[(r[2] > 2) ∧ (((r[0] = @0)))]

[query size] 3
[query aggr] #t
--------------------
[table size] (1 0) [real time] 27 ms
[table size] (2 0) [real time] 23 ms
[table size] (3 0) [real time] 39 ms
[table size] (4 0) [real time] 36 ms
[table size] (5 0) [real time] 52 ms
[table size] (6 0) [real time] 102 ms
[table size] (7 0) [real time] 205 ms
[table size] (8 0) [real time] 357 ms
[table size] (9 0) [real time] 685 ms
[table size] (10 0) [real time] 1147 ms
[table size] (11 0) [real time] 2013 ms
[table size] (12 0) [real time] 3353 ms
[table size] (13 0) [real time] 5731 ms
[table size] (14 0) [real time] 9565 ms
[table size] (15 0) [real time] 16329 ms
[Evaluation Result]
  ()
  #(struct:Table dummy (dummy dummy) (((((0 . 1) (0 . 1) (0 . 1) (0 . 1) (0 . 1) (0 . 1) (0 . 1) (0 . 1) (0 . 1) (0 . 1) (0 . 1) (0 . 1) (0 . 1) (0 . 1) (0 . 1) (0 . 1)) 5112) . 1)))
[NEQ]
[table size] (16 0) [real time] 30628 ms
(#(struct:Table
   Scores
   (StudentID CourseID Points)
   (((0 -512 478) . 1)
    ((0 -511 8) . 1)
    ((0 -510 511) . 1)
    ((0 -453 128) . 1)
    ((0 -394 256) . 1)
    ((0 -344 421) . 1)
    ((0 -223 510) . 1)
    ((0 -125 383) . 1)
    ((0 -72 382) . 1)
    ((0 299 479) . 1)
    ((0 334 52) . 1)
    ((0 463 260) . 1)
    ((0 476 208) . 1)
    ((0 494 509) . 1)
    ((0 495 305) . 1)
    ((0 503 222) . 1)))
 #(struct:Table Students (StudentNr StudentName) ()))

