[[config]] symbreak:#t, qex-encoding:#t
[inference time] 2
[constraint]
Scores,
ForallEQ[(r[2] > 2) ∧ (((r[0] = @0)))]

[query size] 3
[query aggr] #t
--------------------
[table size] (1 0) [real time] 27 ms
[table size] (2 0) [real time] 23 ms
[table size] (3 0) [real time] 36 ms
[table size] (4 0) [real time] 35 ms
[table size] (5 0) [real time] 43 ms
[Evaluation Result]
  ()
  #(struct:Table dummy (dummy dummy) (((((0 . 1) (0 . 1) (0 . 1) (0 . 1) (0 . 1) (0 . 1)) 2316) . 1)))
[NEQ]
[table size] (6 0) [real time] 108 ms
(#(struct:Table
   Scores
   (StudentID CourseID Points)
   (((0 -488 139) . 1)
    ((0 -433 398) . 1)
    ((0 -385 463) . 1)
    ((0 -257 395) . 1)
    ((0 -2 459) . 1)
    ((0 251 462) . 1)))
 #(struct:Table Students (StudentNr StudentName) ()))

