[[config]] symbreak:#f, qex-encoding:#f
[inference time] 2
[constraint]
Scores,
ForallEQ[(r[2] > 2) ∧ (((r[0] = @0)))]

[query size] 3
[query aggr] #t
--------------------
[table size] (1 0) [real time] 23 ms
[table size] (2 0) [real time] 19 ms
[table size] (3 0) [real time] 30 ms
[table size] (4 0) [real time] 49 ms
[table size] (5 0) [real time] 49 ms
[table size] (6 0) [real time] 138 ms
[table size] (7 0) [real time] 343 ms
[table size] (8 0) [real time] 778 ms
[table size] (9 0) [real time] 1429 ms
[table size] (10 0) [real time] 2102 ms
[Evaluation Result]
  ()
  #(struct:Table dummy (dummy dummy) (((((-510 . 324) (502 . 0) (503 . 0) (504 . 120) (505 . 384) (506 . 511) (507 . 0) (508 . 0) (509 . 255) (510 . 511) (511 . 511)) 682989) . 1)))
[NEQ]
[table size] (11 0) [real time] 3895 ms
(#(struct:Table
   Scores
   (StudentID CourseID Points)
   (((-510 -512 386) . 324)
    ((504 -512 3) . 120)
    ((505 -512 256) . 384)
    ((506 -512 511) . 511)
    ((509 6 256) . 255)
    ((510 6 4) . 511)
    ((511 -501 256) . 511)))
 #(struct:Table Students (StudentNr StudentName) ()))

