[[config]] symbreak:#f, qex-encoding:#f
[inference time] 2
[constraint]
Scores,
ForallEQ[(r[2] > 2) ∧ (((r[0] = @0)))]

[query size] 3
[query aggr] #t
--------------------
[table size] (1 0) [real time] 24 ms
[table size] (2 0) [real time] 19 ms
[table size] (3 0) [real time] 29 ms
[table size] (4 0) [real time] 47 ms
[table size] (5 0) [real time] 48 ms
[table size] (6 0) [real time] 85 ms
[table size] (7 0) [real time] 396 ms
[table size] (8 0) [real time] 757 ms
[table size] (9 0) [real time] 1414 ms
[table size] (10 0) [real time] 2184 ms
[table size] (11 0) [real time] 3960 ms
[Evaluation Result]
  ()
  #(struct:Table dummy (dummy dummy) (((((-512 . 10) (8 . 0) (9 . 0) (12 . 0) (14 . 0) (15 . 4) (15 . 0) (23 . 0) (255 . 392) (257 . 479) (262 . 10) (263 . 511)) 155582) . 1)))
[NEQ]
[table size] (12 0) [real time] 6211 ms
(#(struct:Table
   Scores
   (StudentID CourseID Points)
   (((-512 1 144) . 10)
    ((8 -512 -256) . 255)
    ((15 -505 16) . 4)
    ((23 129 0) . 128)
    ((255 1 64) . 392)
    ((257 -512 129) . 479)
    ((262 -512 128) . 10)
    ((263 505 129) . 511)))
 #(struct:Table Students (StudentNr StudentName) ()))

