[[config]] symbreak:#f, qex-encoding:#f
[inference time] 1
[constraint]
Scores,
ForallEQ[(r[2] > 2) ∧ (((r[0] = @0)))]

[query size] 3
[query aggr] #t
--------------------
[table size] (1 0) [real time] 24 ms
[table size] (2 0) [real time] 19 ms
[table size] (3 0) [real time] 25 ms
[table size] (4 0) [real time] 47 ms
[table size] (5 0) [real time] 47 ms
[table size] (6 0) [real time] 164 ms
[table size] (7 0) [real time] 349 ms
[table size] (8 0) [real time] 781 ms
[table size] (9 0) [real time] 1428 ms
[table size] (10 0) [real time] 2281 ms
[table size] (11 0) [real time] 3594 ms
[table size] (12 0) [real time] 6687 ms
[table size] (13 0) [real time] 10664 ms
[table size] (14 0) [real time] 18203 ms
[table size] (15 0) [real time] 31304 ms
[Evaluation Result]
  ()
  #(struct:Table dummy (dummy dummy) (((((-512 . 71) (272 . 0) (273 . 0) (276 . 0) (280 . 5) (281 . 5) (284 . 39) (285 . 0) (288 . 0) (289 . 119) (290 . 0) (291 . 127) (292 . 511) (293 . 0) (294 . 511) (295 . 0)) 190473) . 1)))
[NEQ]
[table size] (16 0) [real time] 61438 ms
(#(struct:Table
   Scores
   (StudentID CourseID Points)
   (((-512 0 28) . 71)
    ((280 1 129) . 5)
    ((281 -512 128) . 5)
    ((284 0 256) . 39)
    ((288 2 2) . 511)
    ((289 263 48) . 119)
    ((290 259 0) . 32)
    ((291 3 256) . 127)
    ((292 1 256) . 511)
    ((294 -512 16) . 511)))
 #(struct:Table Students (StudentNr StudentName) ()))

