[[config]] symbreak:#f, qex-encoding:#f
[inference time] 2
[constraint]
Scores,
ForallEQ[(r[2] > 2) ∧ (((r[0] = @0)))]

[query size] 3
[query aggr] #t
--------------------
[table size] (1 0) [real time] 23 ms
[table size] (2 0) [real time] 18 ms
[Evaluation Result]
  ()
  #(struct:Table dummy (dummy dummy) (((((-512 . 207) (-18 . 79) (0 . 95)) 6858) . 1)))
[NEQ]
[table size] (3 0) [real time] 55 ms
(#(struct:Table
   Scores
   (StudentID CourseID Points)
   (((-512 -506 18) . 207) ((-18 -72 18) . 79) ((0 70 18) . 95)))
 #(struct:Table Students (StudentNr StudentName) ()))

