[[config]] symbreak:#f, qex-encoding:#f
[inference time] 2
[constraint]
Scores,
ForallEQ[(r[2] > 2) ∧ (((r[0] = @0)))]

[query size] 3
[query aggr] #t
--------------------
[table size] (1 0) [real time] 23 ms
[table size] (2 0) [real time] 18 ms
[table size] (3 0) [real time] 28 ms
[Evaluation Result]
  ()
  #(struct:Table dummy (dummy dummy) (((((-512 . 1) (-3 . 0) (510 . 0) (511 . 0)) 3) . 1)))
[NEQ]
[table size] (4 0) [real time] 54 ms
(#(struct:Table
   Scores
   (StudentID CourseID Points)
   (((-512 -480 3) . 1) ((511 280 1) . 365)))
 #(struct:Table Students (StudentNr StudentName) ()))

