[[config]] symbreak:#f, simplify-constr:#t, qex-encoding:#t
[inference time] 4
[constraint]
d,
ForallEQ[]
c,
ForallEQ[(r[2] = @0)]

[query size] 4 4
[query aggr] #t #t
--------------------
[table size] (1 1) [real time] 23 ms
[table size] (2 1) [real time] 29 ms
[table size] (2 2) [real time] 300 ms
[Table evaluation results]
  #(struct:Table dummy (dummy dummy) (((0 12) . 1)))
  #(struct:Table dummy (dummy dummy) ())
[NEQ]
[table size] (3 2) [real time] 1671 ms
(#(struct:Table
   c
   (course_id title dept_name credits)
   (((-15 0 0 13) . 1) ((-15 1 0 15) . 1) ((8 -15 0 -16) . 1)))
 #(struct:Table d (dept_name building budget) (((0 4 1) . 1) ((1 -4 0) . 1))))

