[[config]] symbreak:#f, simplify-constr:#t, qex-encoding:#t
[inference time] 4
[constraint]
t,
ForallEQ[]
i,
ForallEQ[]
d,
ForallEQ[]
c,
ForallEQ[(r[1] = @0)]

[query size] 8 8
[query aggr] #t #t
--------------------
[table size] (1 1 1 1) [real time] 38 ms
[table size] (2 1 1 1) [real time] 34 ms
[table size] (2 2 1 1) [real time] 40 ms
[Table evaluation results]
  #(struct:Table dummy (dummy dummy) (((-2 50001) . 1)))
  #(struct:Table dummy (dummy dummy) ())
[NEQ]
[table size] (2 2 2 1) [real time] 300 ms
(#(struct:Table
   c
   (course_id dept_name course)
   (((-1 -2 0) . 1) ((0 -1 -1) . 1)))
 #(struct:Table d (dept_name budget) (((-2 0) . 1) ((0 -1) . 1)))
 #(struct:Table i (salary dept_name) (((1654 -2) . 1) ((1655 -2) . 1)))
 #(struct:Table t (course_id instructor) (((-1 0) . 1))))

