[[config]] symbreak:#f, simplify-constr:#t, qex-encoding:#t
[inference time] 4
[constraint]
flights,
ForallEQ[]

[query size] 5 4
[query aggr] #t #t
--------------------
[table size] (0 0 0 1) [real time] 38 ms
[Table evaluation results]
  #(struct:Table dummy (dummy dummy dummy) (((1 -1 -1) . 1) ((0 0 0) . 1)))
  #(struct:Table dummy (dummy dummy dummy) (((0 0 0) . 1)))
[NEQ]
[table size] (0 0 0 2) [real time] 312 ms
(#(struct:Table months (mid month) ())
 #(struct:Table weekdays (did day_of_week) ())
 #(struct:Table carriers (cid name) ())
 #(struct:Table
   flights
   (fid origin_city dest_city actual_time)
   (((-1 1 -1 -1) . 1) ((0 0 0 0) . 1))))

