[[config]] symbreak:#f, simplify-constr:#t, qex-encoding:#t
[inference time] 4
[constraint]
input,
ForallEQ[]

[query size] 6 6
[query aggr] #t #t
--------------------
[table size] (1) [real time] 17 ms
[table size] (2) [real time] 26 ms
[table size] (3) [real time] 22 ms
[table size] (4) [real time] 24 ms
[table size] (5) [real time] 25 ms
[table size] (6) [real time] 27 ms
[table size] (7) [real time] 93 ms
[table size] (8) [real time] 27 ms
[table size] (9) [real time] 31 ms
[table size] (10) [real time] 35 ms
[table size] (11) [real time] 39 ms
[table size] (12) [real time] 38 ms
[table size] (13) [real time] 43 ms
[table size] (14) [real time] 51 ms
[table size] (15) [real time] 53 ms
[table size] (16) [real time] 54 ms
[table size] (17) [real time] 65 ms
[table size] (18) [real time] 62 ms
[table size] (19) [real time] 73 ms
[table size] (20) [real time] 82 ms
[table size] (21) [real time] 78 ms
[table size] (22) [real time] 97 ms
[table size] (23) [real time] 97 ms
[table size] (24) [real time] 100 ms
[table size] (25) [real time] 108 ms
[table size] (26) [real time] 122 ms
[table size] (27) [real time] 127 ms
[table size] (28) [real time] 140 ms
[table size] (29) [real time] 156 ms
[table size] (30) [real time] 155 ms
[table size] (31) [real time] 167 ms
[table size] (32) [real time] 165 ms
[table size] (33) [real time] 184 ms
[table size] (34) [real time] 194 ms
[table size] (35) [real time] 195 ms
[table size] (36) [real time] 219 ms
[table size] (37) [real time] 224 ms
[table size] (38) [real time] 274 ms
[table size] (39) [real time] 248 ms
[table size] (40) [real time] 255 ms
[table size] (41) [real time] 266 ms
[table size] (42) [real time] 282 ms
[table size] (43) [real time] 292 ms
[table size] (44) [real time] 315 ms
[table size] (45) [real time] 323 ms
[table size] (46) [real time] 335 ms
[table size] (47) [real time] 508 ms
[table size] (48) [real time] 374 ms
[table size] (49) [real time] 445 ms
[table size] (50) [real time] 393 ms
[table size] (51) [real time] 405 ms
[table size] (52) [real time] 427 ms
[table size] (53) [real time] 451 ms
[table size] (54) [real time] 464 ms
[table size] (55) [real time] 478 ms
[table size] (56) [real time] 503 ms
[table size] (57) [real time] 520 ms
[table size] (58) [real time] 541 ms
[table size] (59) [real time] 558 ms
[table size] (60) [real time] 571 ms
[table size] (61) [real time] 596 ms
[table size] (62) [real time] 619 ms
[table size] (63) [real time] 1084 ms
[table size] (64) [real time] 643 ms
[table size] (65) [real time] 659 ms
[table size] (66) [real time] 688 ms
[table size] (67) [real time] 708 ms
[table size] (68) [real time] 737 ms
[table size] (69) [real time] 746 ms
[table size] (70) [real time] 789 ms
[table size] (71) [real time] 805 ms
[table size] (72) [real time] 842 ms
[table size] (73) [real time] 848 ms
[table size] (74) [real time] 895 ms
[table size] (75) [real time] 935 ms
[table size] (76) [real time] 941 ms
[table size] (77) [real time] 988 ms
[table size] (78) [real time] 1023 ms
[table size] (79) [real time] 1027 ms
[table size] (80) [real time] 1070 ms
[table size] (81) [real time] 1928 ms
[table size] (82) [real time] 1110 ms
[table size] (83) [real time] 1155 ms
[table size] (84) [real time] 1166 ms
[table size] (85) [real time] 1181 ms
[table size] (86) [real time] 1221 ms
[table size] (87) [real time] 1265 ms
[table size] (88) [real time] 1286 ms
[table size] (89) [real time] 1313 ms
[table size] (90) [real time] 1358 ms
[table size] (91) [real time] 1397 ms
[table size] (92) [real time] 1390 ms
[table size] (93) [real time] 1453 ms
[table size] (94) [real time] 1451 ms
[table size] (95) [real time] 1519 ms
[table size] (96) [real time] 1516 ms
[table size] (97) [real time] 1584 ms
[table size] (98) [real time] 1622 ms
[table size] (99) [real time] 2478 ms
[table size] (100) [real time] 1718 ms
