[[config]] symbreak:#t, simplify-constr:#t, qex-encoding:#t
[inference time] 3
[constraint]
d,
ForallEQ[]
c,
ForallEQ[(r[1] = @0)]

[query size] 4 4
[query aggr] #t #t
--------------------
[table size] (1 1) [real time] 36 ms
[table size] (2 1) [real time] 27 ms
[table size] (2 2) [real time] 287 ms
[Table evaluation results]
  #(struct:Table dummy (dummy dummy) (((-16 20) . 1)))
  #(struct:Table dummy (dummy dummy) ())
[NEQ]
[table size] (3 2) [real time] 972 ms
(#(struct:Table
   c
   (course_id dept_name credits)
   (((-16 -16 3) . 1) ((-16 -16 9) . 1) ((-8 -16 8) . 1)))
 #(struct:Table
   d
   (dept_name building budget)
   (((-16 4 1) . 1) ((-8 -4 0) . 1))))

