[[config]] symbreak:#t, simplify-constr:#t, qex-encoding:#t
[inference time] 5
[constraint]
i,
ForallEQ[]
d,
ForallEQ[]
c,
ForallEQ[(r[1] = @0)]

[query size] 6 6
[query aggr] #t #t
--------------------
[table size] (1 1 1) [real time] 33 ms
[Table evaluation results]
  #(struct:Table dummy (dummy dummy) ())
  #(struct:Table dummy (dummy dummy) (((-128 100) . 1)))
[NEQ]
[table size] (2 1 1) [real time] 55 ms
(#(struct:Table
   c
   (course_id dept_name course_tuple_type course)
   (((-122 -128 -128 1) . 1) ((88 -128 -2 0) . 1)))
 #(struct:Table d (dept_name budget) (((-128 0) . 1)))
 #(struct:Table i (salary dept_name) (((50 -128) . 1))))

