[[config]] symbreak:#t, simplify-constr:#t, qex-encoding:#t
[inference time] 4
[constraint]
t,
ForallEQ[]
d,
ForallEQ[]
c,
ForallEQ[(r[1] = @0)]

[query size] 6 6
[query aggr] #t #t
--------------------
[Table evaluation results]
  #(struct:Table dummy (dummy dummy) (((0 296616) . 1)))
  #(struct:Table dummy (dummy dummy) ())
[NEQ]
[table size] (1 1 0 1) [real time] 46 ms
(#(struct:Table c (course_id dept_name course) (((0 0 0) . 1)))
 #(struct:Table d (dept_name budget) (((0 296616) . 1)))
 #(struct:Table i (salary dept_name) ())
 #(struct:Table t (course_id instructor) (((0 0) . 1))))

