[[config]] symbreak:#t, simplify-constr:#t, qex-encoding:#t
[inference time] 4
[constraint]
c,
ForallEQ[]

[query size] 5 5
[query aggr] #t #t
--------------------
[table size] (1 0 0 0 0 0 0) [real time] 38 ms
[Table evaluation results]
  #(struct:Table dummy (dummy) (((1) . 1)))
  #(struct:Table dummy (dummy) (((1) . 1) ((0) . 1)))
[NEQ]
[table size] (2 0 0 0 0 0 0) [real time] 288 ms
(#(struct:Table
   c
   (course_id title dept_name credits)
   (((0 -1 1 1) . 1) ((1 0 0 0) . 1)))
 #(struct:Table d (dept_name building budget) ())
 #(struct:Table i (ID name dept_name salary) ())
 #(struct:Table t (ID course_id sec_id year) ())
 #(struct:Table s (course_id sec_id year building room_number time_slot_id) ())
 #(struct:Table takes (ID course_id sec_id year grade) ())
 #(struct:Table student (ID name dept_name tot_cred) ()))

