[[config]] symbreak:#t, simplify-constr:#t, qex-encoding:#t
[inference time] 6
[constraint]
flights,
ForallEQ[]

[query size] 5 4
[query aggr] #t #t
--------------------
[table size] (0 0 0 1) [real time] 38 ms
[Table evaluation results]
  #(struct:Table dummy (dummy dummy dummy) (((0 0 1) . 1) ((1 0 -1) . 1)))
  #(struct:Table dummy (dummy dummy dummy) (((0 0 1) . 1)))
[NEQ]
[table size] (0 0 0 2) [real time] 316 ms
(#(struct:Table months (mid month) ())
 #(struct:Table weekdays (did day_of_week) ())
 #(struct:Table carriers (cid name) ())
 #(struct:Table
   flights
   (fid
    year
    month_id
    day_of_month
    day_of_week_id
    carrier_id
    flight_num
    origin_city
    origin_state
    dest_city
    dest_state
    departure_delay
    taxi_out
    arrival_delay
    canceled
    actual_time
    distance
    capacity
    price)
   (((0 0 -1 -1 0 -1 -1 0 0 0 0 0 0 0 -1 1 1 0 1) . 1)
    ((1 1 0 0 1 0 0 1 1 0 1 1 1 1 0 -1 0 -1 0) . 1))))

