[[config]] symbreak:#t, simplify-constr:#t, qex-encoding:#t
[inference time] 4
[constraint]
input,
ForallEQ[]

[query size] 6 6
[query aggr] #t #t
--------------------
[table size] (1) [real time] 17 ms
[table size] (2) [real time] 27 ms
[table size] (3) [real time] 23 ms
[table size] (4) [real time] 25 ms
[table size] (5) [real time] 25 ms
[table size] (6) [real time] 96 ms
[table size] (7) [real time] 28 ms
[table size] (8) [real time] 27 ms
[table size] (9) [real time] 29 ms
[table size] (10) [real time] 35 ms
[table size] (11) [real time] 39 ms
[table size] (12) [real time] 38 ms
[table size] (13) [real time] 43 ms
[table size] (14) [real time] 51 ms
[table size] (15) [real time] 51 ms
[table size] (16) [real time] 58 ms
[table size] (17) [real time] 63 ms
[table size] (18) [real time] 67 ms
[table size] (19) [real time] 71 ms
[table size] (20) [real time] 77 ms
[table size] (21) [real time] 86 ms
[table size] (22) [real time] 95 ms
[table size] (23) [real time] 94 ms
[table size] (24) [real time] 102 ms
[table size] (25) [real time] 110 ms
[table size] (26) [real time] 121 ms
[table size] (27) [real time] 127 ms
[table size] (28) [real time] 135 ms
[table size] (29) [real time] 170 ms
[table size] (30) [real time] 147 ms
[table size] (31) [real time] 161 ms
[table size] (32) [real time] 177 ms
[table size] (33) [real time] 185 ms
[table size] (34) [real time] 186 ms
[table size] (35) [real time] 201 ms
[table size] (36) [real time] 216 ms
[table size] (37) [real time] 225 ms
[table size] (38) [real time] 278 ms
[table size] (39) [real time] 247 ms
[table size] (40) [real time] 259 ms
[table size] (41) [real time] 269 ms
[table size] (42) [real time] 278 ms
[table size] (43) [real time] 298 ms
[table size] (44) [real time] 299 ms
[table size] (45) [real time] 319 ms
[table size] (46) [real time] 492 ms
[table size] (47) [real time] 354 ms
[table size] (48) [real time] 367 ms
[table size] (49) [real time] 449 ms
[table size] (50) [real time] 391 ms
[table size] (51) [real time] 409 ms
[table size] (52) [real time] 434 ms
[table size] (53) [real time] 443 ms
[table size] (54) [real time] 464 ms
[table size] (55) [real time] 480 ms
[table size] (56) [real time] 501 ms
[table size] (57) [real time] 514 ms
[table size] (58) [real time] 536 ms
[table size] (59) [real time] 549 ms
[table size] (60) [real time] 568 ms
[table size] (61) [real time] 586 ms
[table size] (62) [real time] 624 ms
[table size] (63) [real time] 1057 ms
[table size] (64) [real time] 639 ms
[table size] (65) [real time] 651 ms
[table size] (66) [real time] 686 ms
[table size] (67) [real time] 693 ms
[table size] (68) [real time] 709 ms
[table size] (69) [real time] 752 ms
[table size] (70) [real time] 750 ms
[table size] (71) [real time] 800 ms
[table size] (72) [real time] 818 ms
[table size] (73) [real time] 842 ms
[table size] (74) [real time] 876 ms
[table size] (75) [real time] 906 ms
[table size] (76) [real time] 947 ms
[table size] (77) [real time] 964 ms
[table size] (78) [real time] 990 ms
[table size] (79) [real time] 1035 ms
[table size] (80) [real time] 1057 ms
[table size] (81) [real time] 1917 ms
[table size] (82) [real time] 1099 ms
[table size] (83) [real time] 1125 ms
[table size] (84) [real time] 1149 ms
[table size] (85) [real time] 1181 ms
[table size] (86) [real time] 1247 ms
[table size] (87) [real time] 1227 ms
[table size] (88) [real time] 1277 ms
[table size] (89) [real time] 1313 ms
[table size] (90) [real time] 1339 ms
[table size] (91) [real time] 1365 ms
[table size] (92) [real time] 1397 ms
[table size] (93) [real time] 1390 ms
[table size] (94) [real time] 1463 ms
[table size] (95) [real time] 1499 ms
[table size] (96) [real time] 1549 ms
[table size] (97) [real time] 1559 ms
[table size] (98) [real time] 2428 ms
[table size] (99) [real time] 1659 ms
[table size] (100) [real time] 1696 ms
[table size] (101) [real time] 1759 ms
