[[config]] symbreak:#t, qex-encoding:#f
[inference time] 2
[constraint]
Scores,
ForallEQ[(r[2] > 2) ∧ (((r[0] = @0)))]

[query size] 3
[query aggr] #t
--------------------
[table size] (1 0) [real time] 27 ms
[table size] (2 0) [real time] 19 ms
[table size] (3 0) [real time] 40 ms
[table size] (4 0) [real time] 32 ms
[table size] (5 0) [real time] 51 ms
[table size] (6 0) [real time] 158 ms
[table size] (7 0) [real time] 336 ms
[table size] (8 0) [real time] 657 ms
[table size] (9 0) [real time] 1259 ms
[Evaluation Result]
  ()
  #(struct:Table dummy (dummy dummy) (((((0 . 418) (0 . 272) (0 . 16) (0 . 0) (0 . 0) (0 . 0) (0 . 384) (0 . 495) (0 . 511) (0 . 495)) 889635) . 1)))
[NEQ]
[table size] (10 0) [real time] 2243 ms
(#(struct:Table
   Scores
   (StudentID CourseID Points)
   (((0 -512 264) . 418)
    ((0 -258 256) . 272)
    ((0 -256 320) . 16)
    ((0 -244 315) . 384)
    ((0 -243 431) . 495)
    ((0 -242 431) . 511)
    ((0 255 303) . 495)))
 #(struct:Table Students (StudentNr StudentName) ()))

