[[config]] symbreak:#t, qex-encoding:#f
[inference time] 2
[constraint]
Scores,
ForallEQ[(r[2] > 2) ∧ (((r[0] = @0)))]

[query size] 3
[query aggr] #t
--------------------
[table size] (1 0) [real time] 27 ms
[table size] (2 0) [real time] 20 ms
[table size] (3 0) [real time] 40 ms
[table size] (4 0) [real time] 33 ms
[table size] (5 0) [real time] 46 ms
[table size] (6 0) [real time] 102 ms
[table size] (7 0) [real time] 331 ms
[table size] (8 0) [real time] 638 ms
[table size] (9 0) [real time] 1319 ms
[table size] (10 0) [real time] 2249 ms
[Evaluation Result]
  ()
  #(struct:Table dummy (dummy dummy) (((((0 . 128) (0 . 0) (0 . 0) (0 . 440) (0 . 0) (0 . 385) (0 . 16) (0 . 0) (0 . 0) (0 . 128) (0 . 0)) 347778) . 1)))
[NEQ]
[table size] (11 0) [real time] 3534 ms
(#(struct:Table
   Scores
   (StudentID CourseID Points)
   (((0 -512 511) . 128)
    ((0 -504 255) . 440)
    ((0 -488 314) . 385)
    ((0 -484 16) . 16)
    ((0 14 383) . 128)))
 #(struct:Table Students (StudentNr StudentName) ()))

