[[config]] symbreak:#t, qex-encoding:#f
[inference time] 2
[constraint]
Scores,
ForallEQ[(r[2] > 2) ∧ (((r[0] = @0)))]

[query size] 3
[query aggr] #t
--------------------
[table size] (1 0) [real time] 26 ms
[table size] (2 0) [real time] 19 ms
[table size] (3 0) [real time] 40 ms
[table size] (4 0) [real time] 32 ms
[table size] (5 0) [real time] 50 ms
[table size] (6 0) [real time] 164 ms
[table size] (7 0) [real time] 326 ms
[table size] (8 0) [real time] 694 ms
[table size] (9 0) [real time] 1239 ms
[table size] (10 0) [real time] 2325 ms
[table size] (11 0) [real time] 3606 ms
[Evaluation Result]
  ()
  #(struct:Table dummy (dummy dummy) (((((0 . 0) (0 . 0) (0 . 1) (0 . 0) (0 . 0) (0 . 0) (0 . 0) (0 . 0) (0 . 0) (0 . 1) (0 . 0) (0 . 1)) 166) . 1)))
[NEQ]
[table size] (12 0) [real time] 5266 ms
(#(struct:Table
   Scores
   (StudentID CourseID Points)
   (((0 -510 152) . 1) ((0 -499 3) . 1) ((0 255 11) . 1)))
 #(struct:Table Students (StudentNr StudentName) ()))

