[[config]] symbreak:#t, qex-encoding:#f
[inference time] 2
[constraint]
Scores,
ForallEQ[(r[2] > 2) ∧ (((r[0] = @0)))]

[query size] 3
[query aggr] #t
--------------------
[table size] (1 0) [real time] 28 ms
[table size] (2 0) [real time] 16 ms
[table size] (3 0) [real time] 35 ms
[table size] (4 0) [real time] 34 ms
[Evaluation Result]
  ()
  #(struct:Table dummy (dummy dummy) (((((0 . 415) (0 . 0) (0 . 445) (0 . 447) (0 . 447)) 467871) . 1)))
[NEQ]
[table size] (5 0) [real time] 60 ms
(#(struct:Table
   Scores
   (StudentID CourseID Points)
   (((0 -509 267) . 415)
    ((0 -507 267) . 445)
    ((0 -506 266) . 447)
    ((0 511 267) . 447)))
 #(struct:Table Students (StudentNr StudentName) ()))

