[[config]] symbreak:#t, qex-encoding:#f
[inference time] 2
[constraint]
Scores,
ForallEQ[(r[2] > 2) ∧ (((r[0] = @0)))]

[query size] 3
[query aggr] #t
--------------------
[table size] (1 0) [real time] 28 ms
[table size] (2 0) [real time] 17 ms
[table size] (3 0) [real time] 36 ms
[table size] (4 0) [real time] 32 ms
[table size] (5 0) [real time] 52 ms
[table size] (6 0) [real time] 139 ms
[table size] (7 0) [real time] 325 ms
[Evaluation Result]
  ()
  #(struct:Table dummy (dummy dummy) (((((0 . 0) (0 . 0) (0 . 128) (0 . 64) (0 . 0) (0 . 0) (0 . 256) (0 . 0)) 1344) . 1)))
[NEQ]
[table size] (8 0) [real time] 621 ms
(#(struct:Table
   Scores
   (StudentID CourseID Points)
   (((0 -510 3) . 128) ((0 -509 3) . 64) ((0 -506 3) . 256)))
 #(struct:Table Students (StudentNr StudentName) ()))

