[[config]] symbreak:#f, qex-encoding:#t
[inference time] 3
[constraint]
O,
ForallEQ[#t]
C,
ForallEQ[((r[0] = @0))]

[query size] 4
[query aggr] #t
--------------------
[Evaluation Result]
  ()
  #(struct:Table dummy (dummy dummy) (((0 2) . 1)))
[table size] (0 1 1) [real time] 27 ms
[Evaluation Result]
  ()
  #(struct:Table dummy (dummy dummy) (((0 3) . 1)))
[table size] (0 2 1) [real time] 20 ms
[Evaluation Result]
  ()
  #(struct:Table dummy (dummy dummy) (((-1 3) . 1) ((0 3) . 1)))
[table size] (0 2 2) [real time] 53 ms
[Evaluation Result]
  ()
  #(struct:Table dummy (dummy dummy) (((3 4) . 1)))
[table size] (0 3 2) [real time] 25 ms
[Evaluation Result]
  ()
  #(struct:Table dummy (dummy dummy) (((-3 2) . 1) ((-2 2) . 1)))
[table size] (0 3 3) [real time] 250 ms
[Evaluation Result]
  ()
  #(struct:Table dummy (dummy dummy) (((0 3) . 1)))
[table size] (0 4 3) [real time] 407 ms
[Evaluation Result]
  ()
  #(struct:Table dummy (dummy dummy) (((-2 2) . 1)))
[table size] (0 4 4) [real time] 2490 ms
[Evaluation Result]
  ()
  #(struct:Table dummy (dummy dummy) (((2 2) . 1)))
[table size] (0 5 4) [real time] 6488 ms
{"size":[1],"status":"UNSAT"}
