[[config]] symbreak:#f, qex-encoding:#t
[inference time] 3
[constraint]
Courses,
ForallEQ[((r[1] = @1))]
Students,
ForallEQ[((r[1] = @0))]
Scores,
ForallEQ[((r[2] > 2)) ∧ ((r[2] = @2))]

[query size] 6
[query aggr] #f
--------------------
[Evaluation Result]
  ()
  #(struct:Table dummy (dummy dummy dummy) (((0 0 3) . 1)))
[table size] (1 1 1) [real time] 30 ms
[Evaluation Result]
  ()
  #(struct:Table dummy (dummy dummy dummy) (((0 0 511) . 1)))
[table size] (2 1 1) [real time] 21 ms
[Evaluation Result]
  ()
  #(struct:Table dummy (dummy dummy dummy) (((510 0 511) . 1)))
[table size] (2 2 1) [real time] 18 ms
[Evaluation Result]
  ()
  #(struct:Table dummy (dummy dummy dummy) (((-512 1 3) . 1) ((510 1 511) . 1)))
[table size] (2 2 2) [real time] 52 ms
[Evaluation Result]
  ()
  #(struct:Table dummy (dummy dummy dummy) (((-512 0 3) . 1) ((510 0 511) . 2)))
[table size] (3 2 2) [real time] 27 ms
[Evaluation Result]
  ()
  #(struct:Table dummy (dummy dummy dummy) (((-512 -512 3) . 1) ((510 -512 495) . 4)))
[table size] (3 3 2) [real time] 29 ms
[Evaluation Result]
  ()
  #(struct:Table dummy (dummy dummy dummy) (((-511 -511 3) . 1) ((382 510 511) . 1)))
[table size] (3 3 3) [real time] 37 ms
[Evaluation Result]
  ()
  #(struct:Table dummy (dummy dummy dummy) (((-512 510 4) . 1) ((510 510 3) . 2) ((510 510 511) . 4)))
[table size] (4 3 3) [real time] 48 ms
[Evaluation Result]
  ()
  #(struct:Table dummy (dummy dummy dummy) (((510 510 503) . 18)))
[table size] (4 4 3) [real time] 54 ms
[Evaluation Result]
  ()
  #(struct:Table dummy (dummy dummy dummy) (((-512 510 3) . 3) ((510 510 511) . 27)))
[table size] (4 4 4) [real time] 131 ms
[Evaluation Result]
  ()
  #(struct:Table dummy (dummy dummy dummy) (((510 510 3) . 9) ((510 510 511) . 36)))
[table size] (5 4 4) [real time] 65 ms
[Evaluation Result]
  ()
  #(struct:Table dummy (dummy dummy dummy) (((-512 510 4) . 3)))
[table size] (5 5 4) [real time] 86 ms
[Evaluation Result]
  ()
  #(struct:Table dummy (dummy dummy dummy) (((-512 510 3) . 4) ((510 510 511) . 64)))
[table size] (5 5 5) [real time] 99 ms
[Evaluation Result]
  ()
  #(struct:Table dummy (dummy dummy dummy) (((-512 510 3) . 4) ((510 510 511) . 80)))
[table size] (6 5 5) [real time] 105 ms
[Evaluation Result]
  ()
  #(struct:Table dummy (dummy dummy dummy) (((-512 510 3) . 4) ((510 510 511) . 100)))
[table size] (6 6 5) [real time] 136 ms
[Evaluation Result]
  ()
  #(struct:Table dummy (dummy dummy dummy) (((-512 510 3) . 5) ((510 510 511) . 125)))
[table size] (6 6 6) [real time] 152 ms
[Evaluation Result]
  ()
  #(struct:Table dummy (dummy dummy dummy) (((-512 510 3) . 5) ((510 510 511) . 150)))
[table size] (7 6 6) [real time] 174 ms
[Evaluation Result]
  ()
  #(struct:Table dummy (dummy dummy dummy) (((-512 510 4) . 5) ((510 -512 3) . 6) ((510 -512 511) . 6) ((510 510 511) . 120)))
[table size] (7 7 6) [real time] 196 ms
[Evaluation Result]
  ()
  #(struct:Table dummy (dummy dummy dummy) (((-512 510 4) . 6) ((510 -512 3) . 6) ((510 -512 511) . 18) ((510 510 511) . 72)))
[table size] (7 7 7) [real time] 221 ms
[Evaluation Result]
  ()
  #(struct:Table dummy (dummy dummy dummy) (((-512 510 3) . 6) ((510 510 511) . 252)))
[table size] (8 7 7) [real time] 242 ms
[Evaluation Result]
  ()
  #(struct:Table dummy (dummy dummy dummy) (((-512 510 3) . 6) ((510 510 511) . 294)))
[table size] (8 8 7) [real time] 273 ms
[Evaluation Result]
  ()
  #(struct:Table dummy (dummy dummy dummy) (((-512 510 4) . 7) ((510 -512 3) . 7) ((510 -512 511) . 14) ((510 510 511) . 196)))
[table size] (8 8 8) [real time] 306 ms
[Evaluation Result]
  ()
  #(struct:Table dummy (dummy dummy dummy) (((-512 510 3) . 7) ((510 510 511) . 392)))
[table size] (9 8 8) [real time] 340 ms
[Evaluation Result]
  ()
  #(struct:Table dummy (dummy dummy dummy) (((-512 510 3) . 7) ((510 510 511) . 448)))
[table size] (9 9 8) [real time] 376 ms
[Evaluation Result]
  ()
  #(struct:Table dummy (dummy dummy dummy) (((-512 510 3) . 8) ((510 510 511) . 512)))
[table size] (9 9 9) [real time] 438 ms
[Evaluation Result]
  ()
  #(struct:Table dummy (dummy dummy dummy) (((-512 510 3) . 8) ((510 510 511) . 576)))
[table size] (10 9 9) [real time] 461 ms
[Evaluation Result]
  ()
  #(struct:Table dummy (dummy dummy dummy) (((-512 510 3) . 8) ((510 510 511) . 648)))
[table size] (10 10 9) [real time] 489 ms
[Evaluation Result]
  ()
  #(struct:Table dummy (dummy dummy dummy) (((-512 510 3) . 9) ((510 510 511) . 729)))
[table size] (10 10 10) [real time] 551 ms
[Evaluation Result]
  ()
  #(struct:Table dummy (dummy dummy dummy) (((-512 510 3) . 9) ((510 510 511) . 810)))
[table size] (11 10 10) [real time] 594 ms
[Evaluation Result]
  ()
  #(struct:Table dummy (dummy dummy dummy) (((-512 -504 3) . 1) ((-512 -498 3) . 1) ((-512 -306 3) . 2) ((-512 94 3) . 1) ((-512 110 3) . 1) ((-512 158 3) . 1) ((-512 478 3) . 1) ((-512 510 3) . 1) ((510 -504 511) . 100) ((510 -498 511) . 100) ((510 -306 511) . 200) ((510 94 511) . 100) ((510 110 511) . 100) ((510 158 511) . 100) ((510 478 511) . 100) ((510 510 511) . 100)))
[table size] (11 11 10) [real time] 885 ms
[Evaluation Result]
  ()
  #(struct:Table dummy (dummy dummy dummy) (((-512 510 3) . 10) ((510 510 511) . 1000)))
[table size] (11 11 11) [real time] 762 ms
[Evaluation Result]
  ()
  #(struct:Table dummy (dummy dummy dummy) (((-256 243 31) . 1) ((-256 378 31) . 1) ((-256 384 31) . 1) ((-256 510 31) . 1) ((254 243 28) . 1) ((254 378 28) . 1) ((254 384 28) . 1) ((254 510 28) . 1)))
[table size] (12 11 11) [real time] 5886 ms
[Evaluation Result]
  ()
  #(struct:Table dummy (dummy dummy dummy) (((-512 510 3) . 10) ((510 510 511) . 1210)))
[table size] (12 12 11) [real time] 834 ms
[Evaluation Result]
  ()
  #(struct:Table dummy (dummy dummy dummy) (((-512 510 3) . 11) ((510 510 511) . 1331)))
[table size] (12 12 12) [real time] 1008 ms
[Evaluation Result]
  ()
  #(struct:Table dummy (dummy dummy dummy) (((-512 510 3) . 11) ((510 510 511) . 1452)))
[table size] (13 12 12) [real time] 1316 ms
[Evaluation Result]
  ()
  #(struct:Table dummy (dummy dummy dummy) (((-512 510 3) . 11) ((510 510 511) . 1584)))
[table size] (13 13 12) [real time] 1061 ms
[Evaluation Result]
  ()
  #(struct:Table dummy (dummy dummy dummy) (((-512 510 3) . 12) ((510 510 511) . 1728)))
[table size] (13 13 13) [real time] 1177 ms
{"size":[1],"status":"UNSAT"}
