[[config]] symbreak:#f, qex-encoding:#t
[inference time] 2
[constraint]
Scores,
ForallEQ[(r[2] > 2) ∧ ((x$0 > 5)) ∧ (((r[0] = @0)))]

[query size] 3
[query aggr] #t
--------------------
[Evaluation Result]
  (6)
  #(struct:Table dummy (dummy dummy) (((((sv$0 . 1)) 7) . 1)))
[table size] (1 0) [real time] 63 ms
[Evaluation Result]
  (6)
  #(struct:Table dummy (dummy dummy) (((((-509 . 0) (508 . 1)) 511) . 1)))
[table size] (2 0) [real time] 24 ms
[Evaluation Result]
  (6)
  #(struct:Table dummy (dummy dummy) (((((-512 . 1) (511 . 1) (511 . 1)) 1031) . 1)))
[table size] (3 0) [real time] 28 ms
[Evaluation Result]
  (7)
  #(struct:Table dummy (dummy dummy) (((((-512 . 0) (510 . 1) (511 . 1) (511 . 1)) 1149) . 1)))
[table size] (4 0) [real time] 32 ms
[Evaluation Result]
  (6)
  #(struct:Table dummy (dummy dummy) (((((-512 . 1) (507 . 1) (511 . 1) (511 . 1) (511 . 1)) 1535) . 1)))
[table size] (5 0) [real time] 32 ms
[Evaluation Result]
  (31)
  #(struct:Table dummy (dummy dummy) (((((-512 . 0) (511 . 1) (511 . 1) (511 . 1) (511 . 1) (511 . 1)) 2555) . 1)))
[table size] (6 0) [real time] 36 ms
[Evaluation Result]
  (94)
  #(struct:Table dummy (dummy dummy) (((((-512 . 1) (507 . 1) (507 . 1) (511 . 1) (511 . 1) (511 . 1) (511 . 1)) 2176) . 1)))
[table size] (7 0) [real time] 41 ms
[Evaluation Result]
  (126)
  #(struct:Table dummy (dummy dummy) (((((-512 . 0) (510 . 1) (511 . 1) (511 . 1) (511 . 1) (511 . 1) (511 . 1) (511 . 1)) 2554) . 1)))
[table size] (8 0) [real time] 120 ms
[Evaluation Result]
  (31)
  #(struct:Table dummy (dummy dummy) (((((-512 . 1) (510 . 1) (511 . 1) (511 . 1) (511 . 1) (511 . 1) (511 . 1) (511 . 1) (511 . 1)) 2559) . 1)))
[table size] (9 0) [real time] 56 ms
[Evaluation Result]
  (14)
  #(struct:Table dummy (dummy dummy) (((((-512 . 0) (510 . 1) (511 . 1) (511 . 0) (511 . 1) (511 . 1) (511 . 1) (511 . 1) (511 . 1) (511 . 1)) 3284) . 1)))
[table size] (10 0) [real time] 67 ms
[Evaluation Result]
  (158)
  #(struct:Table dummy (dummy dummy) (((((-149 . 1) (-147 . 1) (-34 . 0) (-2 . 1) (254 . 0) (254 . 1) (383 . 1) (383 . 1) (383 . 1) (383 . 1) (435 . 1)) 2207) . 1)))
[table size] (11 0) [real time] 141 ms
[Evaluation Result]
  (7)
  #(struct:Table dummy (dummy dummy) (((((-512 . 0) (511 . 1) (511 . 1) (511 . 1) (511 . 1) (511 . 1) (511 . 1) (511 . 1) (511 . 1) (511 . 1) (511 . 1) (511 . 1)) 5613) . 1)))
[table size] (12 0) [real time] 86 ms
[Evaluation Result]
  (14)
  #(struct:Table dummy (dummy dummy) (((((-512 . 1) (510 . 1) (511 . 0) (511 . 1) (511 . 1) (511 . 1) (511 . 1) (511 . 1) (511 . 1) (511 . 1) (511 . 1) (511 . 1) (511 . 1)) 4349) . 1)))
[table size] (13 0) [real time] 95 ms
[Evaluation Result]
  (6)
  #(struct:Table dummy (dummy dummy) (((((-512 . 0) (511 . 1) (511 . 1) (511 . 1) (511 . 1) (511 . 1) (511 . 1) (511 . 1) (511 . 1) (511 . 1) (511 . 1) (511 . 1) (511 . 1) (511 . 1)) 6638) . 1)))
[table size] (14 0) [real time] 117 ms
[Evaluation Result]
  (254)
  #(struct:Table dummy (dummy dummy) (((((-512 . 1) (510 . 1) (510 . 1) (510 . 1) (511 . 1) (511 . 1) (511 . 0) (511 . 1) (511 . 0) (511 . 1) (511 . 1) (511 . 1) (511 . 1) (511 . 1) (511 . 1)) 4604) . 1)))
[table size] (15 0) [real time] 134 ms
[Evaluation Result]
  (239)
  #(struct:Table dummy (dummy dummy) (((((-512 . 0) (0 . 0) (1 . 1) (2 . 1) (3 . 1) (4 . 0) (9 . 1) (10 . 1) (19 . 1) (20 . 1) (42 . 1) (44 . 1) (46 . 1) (51 . 1) (53 . 1) (307 . 1)) 3575) . 1)))
[table size] (16 0) [real time] 310 ms
[Evaluation Result]
  (14)
  #(struct:Table dummy (dummy dummy) (((((-360 . 1) (-231 . 1) (-230 . 1) (-181 . 1) (-172 . 1) (-168 . 1) (-151 . 0) (-150 . 1) (-140 . 1) (-118 . 1) (-86 . 1) (-45 . 1) (-32 . 1) (-23 . 1) (174 . 1) (175 . 1) (328 . 1)) 4112) . 1)))
[table size] (17 0) [real time] 392 ms
[Evaluation Result]
  (47)
  #(struct:Table dummy (dummy dummy) (((((-508 . 1) (67 . 1) (72 . 1) (135 . 1) (150 . 0) (165 . 1) (180 . 1) (193 . 1) (200 . 1) (202 . 1) (209 . 1) (212 . 1) (213 . 1) (216 . 1) (219 . 1) (226 . 1) (241 . 1) (384 . 1)) 3127) . 1)))
[table size] (18 0) [real time] 421 ms
[Evaluation Result]
  (254)
  #(struct:Table dummy (dummy dummy) (((((-512 . 1) (-512 . 1) (-512 . 1) (-512 . 1) (-512 . 1) (-480 . 1) (-478 . 1) (-472 . 1) (-256 . 1) (-254 . 1) (0 . 1) (0 . 1) (1 . 1) (1 . 1) (1 . 1) (1 . 1) (1 . 0) (3 . 1) (24 . 1)) 3363) . 1)))
[table size] (19 0) [real time] 500 ms
[Evaluation Result]
  (244)
  #(struct:Table dummy (dummy dummy) (((((-504 . 1) (-384 . 0) (-382 . 0) (-380 . 1) (-378 . 0) (40 . 1) (138 . 1) (140 . 1) (206 . 1) (208 . 1) (210 . 1) (212 . 0) (214 . 0) (216 . 0) (218 . 0) (220 . 1) (238 . 1) (246 . 1) (247 . 1) (304 . 1)) 2553) . 1)))
[table size] (20 0) [real time] 588 ms
[Evaluation Result]
  (230)
  #(struct:Table dummy (dummy dummy) (((((-512 . 1) (1 . 1) (2 . 1) (4 . 1) (6 . 1) (8 . 1) (10 . 1) (12 . 1) (14 . 1) (16 . 1) (17 . 1) (18 . 1) (19 . 1) (20 . 1) (22 . 1) (24 . 1) (26 . 1) (28 . 1) (62 . 1) (95 . 1) (192 . 1)) 4587) . 1)))
[table size] (21 0) [real time] 674 ms
[Evaluation Result]
  (238)
  #(struct:Table dummy (dummy dummy) (((((-512 . 1) (-511 . 1) (-510 . 0) (-508 . 1) (-506 . 0) (-504 . 1) (-502 . 0) (-500 . 1) (-498 . 0) (-496 . 1) (-494 . 1) (-492 . 0) (-490 . 0) (-488 . 1) (-486 . 1) (-484 . 1) (-482 . 0) (-480 . 0) (-479 . 1) (-256 . 1) (-210 . 0) (136 . 1)) 2290) . 1)))
[table size] (22 0) [real time] 759 ms
[Evaluation Result]
  (244)
  #(struct:Table dummy (dummy dummy) (((((-512 . 1) (-511 . 1) (-510 . 1) (-509 . 1) (-508 . 1) (-384 . 1) (-374 . 1) (-373 . 1) (-372 . 1) (-370 . 1) (-350 . 1) (35 . 1) (136 . 1) (161 . 1) (208 . 1) (209 . 1) (210 . 1) (211 . 1) (212 . 1) (234 . 1) (238 . 1) (243 . 0) (404 . 0)) 5370) . 1)))
[table size] (23 0) [real time] 863 ms
[Evaluation Result]
  (6)
  #(struct:Table dummy (dummy dummy) (((((-512 . 0) (511 . 1) (511 . 1) (511 . 1) (511 . 1) (511 . 1) (511 . 1) (511 . 1) (511 . 1) (511 . 1) (511 . 1) (511 . 1) (511 . 1) (511 . 1) (511 . 1) (511 . 1) (511 . 1) (511 . 1) (511 . 1) (511 . 1) (511 . 1) (511 . 1) (511 . 1) (511 . 1)) 11750) . 1)))
[table size] (24 0) [real time] 339 ms
[Evaluation Result]
  (116)
  #(struct:Table dummy (dummy dummy) (((((-512 . 1) (-512 . 1) (-510 . 1) (-510 . 1) (-508 . 1) (-504 . 1) (-448 . 1) (-448 . 1) (-416 . 0) (-416 . 1) (0 . 0) (0 . 1) (0 . 1) (0 . 1) (0 . 1) (0 . 1) (0 . 1) (0 . 1) (1 . 1) (1 . 0) (1 . 1) (1 . 1) (129 . 1) (129 . 1) (384 . 1)) 5290) . 1)))
[table size] (25 0) [real time] 1076 ms
[Evaluation Result]
  (6)
  #(struct:Table dummy (dummy dummy) (((((-512 . 0) (511 . 1) (511 . 1) (511 . 1) (511 . 1) (511 . 1) (511 . 1) (511 . 1) (511 . 1) (511 . 1) (511 . 1) (511 . 1) (511 . 1) (511 . 1) (511 . 1) (511 . 1) (511 . 1) (511 . 1) (511 . 1) (511 . 1) (511 . 1) (511 . 1) (511 . 1) (511 . 1) (511 . 1) (511 . 1)) 12775) . 1)))
[table size] (26 0) [real time] 404 ms
[Evaluation Result]
  (183)
  #(struct:Table dummy (dummy dummy) (((((-512 . 1) (1 . 1) (3 . 1) (4 . 1) (6 . 1) (7 . 0) (10 . 1) (12 . 1) (13 . 1) (13 . 1) (13 . 1) (13 . 1) (14 . 0) (15 . 1) (15 . 1) (15 . 1) (20 . 1) (32 . 0) (32 . 1) (36 . 1) (36 . 1) (37 . 1) (37 . 1) (102 . 1) (102 . 0) (230 . 1) (423 . 1)) 6473) . 1)))
[table size] (27 0) [real time] 1411 ms
[Evaluation Result]
  (110)
  #(struct:Table dummy (dummy dummy) (((((-512 . 0) (511 . 1) (511 . 1) (511 . 1) (511 . 1) (511 . 1) (511 . 1) (511 . 1) (511 . 1) (511 . 1) (511 . 1) (511 . 1) (511 . 1) (511 . 1) (511 . 1) (511 . 1) (511 . 1) (511 . 1) (511 . 1) (511 . 1) (511 . 1) (511 . 1) (511 . 1) (511 . 1) (511 . 1) (511 . 1) (511 . 1) (511 . 1)) 13792) . 1)))
[table size] (28 0) [real time] 480 ms
[Evaluation Result]
  (238)
  #(struct:Table dummy (dummy dummy) (((((-512 . 1) (-512 . 1) (-511 . 0) (2 . 0) (3 . 1) (8 . 1) (14 . 1) (27 . 1) (28 . 1) (30 . 1) (159 . 0) (180 . 1) (181 . 1) (182 . 1) (186 . 0) (188 . 1) (189 . 1) (190 . 1) (227 . 1) (228 . 0) (230 . 1) (232 . 0) (233 . 1) (236 . 1) (237 . 1) (238 . 1) (503 . 1) (507 . 1) (508 . 1)) 6543) . 1)))
[table size] (29 0) [real time] 1850 ms
[Evaluation Result]
  (238)
  #(struct:Table dummy (dummy dummy) (((((-512 . 1) (-512 . 1) (-507 . 1) (-492 . 1) (-490 . 1) (-480 . 1) (-478 . 1) (-468 . 1) (-434 . 0) (-433 . 1) (-432 . 0) (-430 . 1) (-428 . 1) (-426 . 1) (-424 . 1) (-422 . 1) (-420 . 1) (-418 . 1) (-414 . 1) (-219 . 0) (-152 . 1) (-151 . 1) (44 . 1) (269 . 1) (280 . 1) (297 . 1) (332 . 1) (353 . 1) (446 . 1) (448 . 1)) 5494) . 1)))
[table size] (30 0) [real time] 2058 ms
[Evaluation Result]
  (244)
  #(struct:Table dummy (dummy dummy) (((((-512 . 0) (-512 . 1) (-512 . 1) (-512 . 1) (-511 . 1) (-511 . 1) (-511 . 1) (-496 . 1) (-495 . 1) (-495 . 1) (-495 . 1) (-495 . 1) (-495 . 1) (-495 . 1) (-495 . 1) (-494 . 1) (-448 . 1) (-447 . 0) (-444 . 1) (-439 . 1) (-384 . 1) (-383 . 1) (-382 . 1) (-364 . 1) (-184 . 1) (120 . 1) (153 . 1) (170 . 1) (172 . 1) (293 . 1) (351 . 1)) 8693) . 1)))
[table size] (31 0) [real time] 2249 ms
[Evaluation Result]
  (246)
  #(struct:Table dummy (dummy dummy) (((((-509 . 1) (-507 . 1) (-486 . 1) (-484 . 1) (-466 . 1) (-328 . 1) (-326 . 0) (-324 . 1) (-322 . 1) (-208 . 1) (-206 . 1) (84 . 1) (86 . 1) (104 . 0) (106 . 1) (108 . 0) (110 . 1) (110 . 1) (110 . 0) (110 . 1) (118 . 1) (120 . 0) (122 . 1) (124 . 1) (126 . 1) (152 . 1) (274 . 0) (324 . 1) (358 . 1) (364 . 1) (493 . 1) (493 . 1)) 4366) . 1)))
[table size] (32 0) [real time] 2556 ms
{"size":[1],"status":"UNSAT"}
