[[config]] symbreak:#f, qex-encoding:#t
[inference time] 3
[constraint]
P,
ForallEQ[((val$0 > 1))]
O,
ForallEQ[((val$0 > 1))]
C,
ForallEQ[((val$0 > 1)) ∧ ((r[0] = @0))]

[query size] 6
[query aggr] #t
--------------------
[table size] (1 1 1) [real time] 14 ms
[table size] (2 1 1) [real time] 22 ms
[Evaluation Result]
  (424)
  #(struct:Table dummy (dummy dummy) (((392 62484) . 1)))
[NEQ]
[table size] (2 2 1) [real time] 132 ms
(#(struct:Table P (id name price) (((219 0 164) . 1) ((250 0 -119) . 1)))
 #(struct:Table
   O
   (order_id customer_id order_quantity product_id)
   (((53 392 429 219) . 1) ((154 392 -48 219) . 1)))
 #(struct:Table C (customer_id name) (((392 0) . 1))))

