[[symbreak]] #f
[inference time] 11
[constraint]
carriers,
ForallEQ[(r[1] = @0)]
months,
ForallEQ[(r[1] = str_july_$0) ∨ (r[1] = str_july_$0)]
flights,
ForallEQ[(r[3] = 15) ∧ (r[1] = 2015) ∧ (r[9] = str_boston_ma_$0) ∧ (r[15] = @8) ∧ (r[9] = @7) ∧ (r[7] = @6) ∧ (r[6] = @5) ∨ (r[15] + r[34] < 420) ∧ (r[3] = 15) ∧ (r[1] = 2015) ∧ (r[7] = str_seattle_wa_$0) ∧ (r[15] + r[34] = @9) ∧ (r[15] = @4) ∧ (r[9] = @3) ∧ (r[7] = @2) ∧ (r[6] = @1) ∧ (r[5] = @0) ∨ (r[9] = str_boston_ma_$0) ∧ (r[15] = @8) ∧ (r[9] = @7) ∧ (r[7] = @6) ∧ (r[6] = @5) ∨ (r[15] + r[34] < 420) ∧ (r[1] = 2015) ∧ (r[3] = 15) ∧ (r[7] = str_seattle_wa_$0) ∧ (r[15] + r[34] = @9) ∧ (r[15] = @4) ∧ (r[9] = @3) ∧ (r[7] = @2) ∧ (r[6] = @1)]

--------------------
[query size] 8 6
[query aggr] #f #f
[Table evaluation results]
  #(struct:Table dummy (dummy dummy dummy dummy dummy dummy dummy dummy dummy dummy) (((1 0 0 0 209 0 0 0 209 418) . 30375)))
  #(struct:Table dummy (dummy dummy dummy dummy dummy dummy dummy dummy dummy dummy) (((0 0 0 0 209 0 0 0 209 418) . 3375)))
[NEQ]
[table size] (1 0 1 1) [real time] 102 ms
(#(struct:Table months (mid month) (((0 0) . 15)))
 #(struct:Table weekdays (did day_of_week) ())
 #(struct:Table carriers (cid name) (((0 1) . 9)))
 #(struct:Table
   flights
   (fid
    year
    month_id
    day_of_month
    day_of_week_id
    carrier_id
    flight_num
    origin_city
    origin_state
    dest_city
    dest_state
    departure_delay
    taxi_out
    arrival_delay
    canceled
    actual_time
    distance
    capacity
    price)
   (((0 2015 0 15 0 0 0 0 0 0 0 0 0 0 0 209 0 0 0) . 15))))

{"size":[1],"status":"UNSAT"}
