[[symbreak]] #f
[inference time] 8
[constraint]
carriers,
ForallEQ[(r[1] = @0) ∨ (r[1] = @0)]
flights,
ForallEQ[(r[8] = str_washington_$0) ∧ (r[7] = str_seattle_wa_$0) ∨ (r[7] = str_seattle_wa_$0)]

--------------------
[query size] 4 4
[query aggr] #t #t
[Table evaluation results]
  #(struct:Table dummy (dummy dummy) (((0 2) . 1)))
  #(struct:Table dummy (dummy dummy) (((0 1) . 0)))
[NEQ]
[table size] (0 0 1 1) [real time] 92 ms
(#(struct:Table months (mid month) ())
 #(struct:Table weekdays (did day_of_week) ())
 #(struct:Table carriers (cid name) (((3 0) . 1)))
 #(struct:Table
   flights
   (fid
    year
    month_id
    day_of_month
    day_of_week_id
    carrier_id
    flight_num
    origin_city
    origin_state
    dest_city
    dest_state
    departure_delay
    taxi_out
    arrival_delay
    canceled
    actual_time
    distance
    capacity
    price)
   (((0 0 0 0 0 3 0 4 7 0 0 0 0 0 2 0 0 0 0) . 1))))

{"size":[1],"status":"UNSAT"}
