[[symbreak]] #f
[inference time] 9
[constraint]
flights,
ForallEQ[#t ∨ (r[7] = @0) ∨ (r[7] = @0)]

--------------------
[query size] 2 4
[query aggr] #t #t
[table size] (0 0 0 1) [real time] 49 ms
[query size] 2 4
[query aggr] #t #t
[Table evaluation results]
  #(struct:Table dummy (dummy) (((1) . 1) ((0) . 0)))
  #(struct:Table dummy (dummy) (((1) . 0) ((0) . 0)))
[NEQ]
[table size] (0 0 0 2) [real time] 68 ms
(#(struct:Table months (mid month) ())
 #(struct:Table weekdays (did day_of_week) ())
 #(struct:Table carriers (cid name) ())
 #(struct:Table
   flights
   (fid
    year
    month_id
    day_of_month
    day_of_week_id
    carrier_id
    flight_num
    origin_city
    origin_state
    dest_city
    dest_state
    departure_delay
    taxi_out
    arrival_delay
    canceled
    actual_time
    distance
    capacity
    price)
   (((0 0 0 0 0 0 0 1 0 0 0 0 0 0 0 116 0 0 0) . 317)
    ((0 0 0 0 0 0 0 0 0 0 0 0 0 0 0 249 0 0 0) . 71))))

{"size":[1],"status":"UNSAT"}
