[[config]] symbreak:#f, qex-encoding:#f
[inference time] 2
[constraint]
Students,
ForallEQ[(((x$0 > 15))) ∧ ((r[1] = @0))]
Scores,
ForallEQ[((r[2] > 2)) ∧ (((x$0 > 15)))]

[query size] 4
[query aggr] #t
--------------------
[table size] (1 1) [real time] 25 ms
[table size] (2 1) [real time] 29 ms
[table size] (2 2) [real time] 42 ms
[Evaluation Result]
  (36)
  #(struct:Table dummy (dummy dummy) (((-511 33617962) . 1)))
[NEQ]
[table size] (3 2) [real time] 219 ms
(#(struct:Table
   Scores
   (StudentID CourseID Points)
   (((65 341 129) . 299) ((257 -171 128) . 307) ((257 339 3) . 51)))
 #(struct:Table
   Students
   (StudentNr StudentName)
   (((65 -511) . 351) ((257 -511) . 509))))

