[[config]] symbreak:#f, qex-encoding:#t
[inference time] 2
[constraint]
O,
ForallEQ[#t]
C,
ForallEQ[((r[0] = @0))]

[query size] 4
[query aggr] #t
--------------------
[table size] (0 1 1) [real time] 10 ms
[table size] (0 2 1) [real time] 18 ms
[table size] (0 2 2) [real time] 233 ms
[table size] (0 3 2) [real time] 460 ms
[table size] (0 3 3) [real time] 1356 ms
[Evaluation Result]
  ()
  #(struct:Table dummy (dummy dummy) (((-3 2) . 1)))
[NEQ]
[table size] (0 4 3) [real time] 3639 ms
(#(struct:Table P (id name price) ())
 #(struct:Table
   O
   (order_id customer_id)
   (((-1 -1) . 1) ((0 -3) . 1) ((0 -2) . 1) ((1 -4) . 1)))
 #(struct:Table C (customer_id name) (((-3 0) . 2) ((-1 -1) . 1))))

