[[config]] symbreak:#f, qex-encoding:#t
[inference time] 2
[constraint]
Scores,
ForallEQ[(r[2] > 2) ∧ (((r[0] = @0)))]

[query size] 3
[query aggr] #t
--------------------
[table size] (1 0) [real time] 12 ms
[table size] (2 0) [real time] 22 ms
[table size] (3 0) [real time] 28 ms
[table size] (4 0) [real time] 47 ms
[table size] (5 0) [real time] 39 ms
[table size] (6 0) [real time] 110 ms
[table size] (7 0) [real time] 213 ms
[table size] (8 0) [real time] 403 ms
[table size] (9 0) [real time] 734 ms
[Evaluation Result]
  ()
  #(struct:Table dummy (dummy dummy) (((((-512 . 1) (499 . 0) (500 . 0) (501 . 0) (503 . 1) (506 . 0) (508 . 1) (509 . 1) (510 . 0) (511 . 0)) 332) . 1)))
[NEQ]
[table size] (10 0) [real time] 1432 ms
(#(struct:Table
   Scores
   (StudentID CourseID Points)
   (((-512 -512 160) . 1)
    ((499 -512 1) . 1)
    ((500 511 -480) . 1)
    ((501 -512 2) . 1)
    ((503 -512 33) . 1)
    ((506 -512 0) . 1)
    ((508 -512 136) . 1)
    ((509 -512 3) . 1)
    ((510 -512 -511) . 1)
    ((511 497 -512) . 1)))
 #(struct:Table Students (StudentNr StudentName) ()))

