[[config]] symbreak:#f, qex-encoding:#t
[inference time] 2
[constraint]
Scores,
ForallEQ[(r[2] > 2) ∧ (((r[0] = @0)))]

[query size] 3
[query aggr] #t
--------------------
[table size] (1 0) [real time] 11 ms
[table size] (2 0) [real time] 19 ms
[table size] (3 0) [real time] 24 ms
[table size] (4 0) [real time] 45 ms
[table size] (5 0) [real time] 40 ms
[table size] (6 0) [real time] 106 ms
[table size] (7 0) [real time] 228 ms
[table size] (8 0) [real time] 411 ms
[table size] (9 0) [real time] 709 ms
[table size] (10 0) [real time] 1449 ms
[Evaluation Result]
  ()
  #(struct:Table dummy (dummy dummy) (((((-512 . 0) (1 . 0) (8 . 0) (9 . 1) (32 . 1) (48 . 1) (56 . 1) (57 . 0) (74 . 0) (129 . 1) (131 . 0)) 328) . 1)))
[NEQ]
[table size] (11 0) [real time] 2360 ms
(#(struct:Table
   Scores
   (StudentID CourseID Points)
   (((-512 3 -368) . 1)
    ((1 5 1) . 1)
    ((8 4 2) . 1)
    ((9 -503 128) . 1)
    ((32 10 8) . 1)
    ((48 -504 32) . 1)
    ((56 0 16) . 1)
    ((57 -511 0) . 1)
    ((74 40 -512) . 1)
    ((129 33 144) . 1)
    ((131 -381 -384) . 1)))
 #(struct:Table Students (StudentNr StudentName) ()))

