[[config]] symbreak:#f, qex-encoding:#t
[inference time] 2
[constraint]
Scores,
ForallEQ[(r[2] > 2) ∧ (((r[0] = @0)))]

[query size] 3
[query aggr] #t
--------------------
[table size] (1 0) [real time] 12 ms
[table size] (2 0) [real time] 22 ms
[table size] (3 0) [real time] 28 ms
[table size] (4 0) [real time] 45 ms
[table size] (5 0) [real time] 40 ms
[table size] (6 0) [real time] 113 ms
[table size] (7 0) [real time] 221 ms
[table size] (8 0) [real time] 402 ms
[table size] (9 0) [real time] 700 ms
[table size] (10 0) [real time] 1404 ms
[table size] (11 0) [real time] 2353 ms
[Evaluation Result]
  ()
  #(struct:Table dummy (dummy dummy) (((((-512 . 0) (8 . 0) (9 . 0) (12 . 0) (13 . 0) (14 . 1) (15 . 1) (16 . 1) (17 . 1) (18 . 1) (19 . 1) (23 . 1)) 633) . 1)))
[NEQ]
[table size] (12 0) [real time] 3339 ms
(#(struct:Table
   Scores
   (StudentID CourseID Points)
   (((-512 -512 1) . 1)
    ((8 0 0) . 1)
    ((9 1 -512) . 1)
    ((12 -512 -256) . 1)
    ((13 0 2) . 1)
    ((14 1 64) . 1)
    ((15 0 16) . 1)
    ((16 0 256) . 1)
    ((17 1 3) . 1)
    ((18 -512 273) . 1)
    ((19 0 4) . 1)
    ((23 -511 17) . 1)))
 #(struct:Table Students (StudentNr StudentName) ()))

