[[config]] symbreak:#f, qex-encoding:#t
[inference time] 2
[constraint]
Scores,
ForallEQ[(r[2] > 2) ∧ (((r[0] = @0)))]

[query size] 3
[query aggr] #t
--------------------
[table size] (1 0) [real time] 13 ms
[table size] (2 0) [real time] 22 ms
[table size] (3 0) [real time] 28 ms
[table size] (4 0) [real time] 40 ms
[table size] (5 0) [real time] 41 ms
[table size] (6 0) [real time] 100 ms
[table size] (7 0) [real time] 210 ms
[table size] (8 0) [real time] 395 ms
[table size] (9 0) [real time] 703 ms
[table size] (10 0) [real time] 1386 ms
[table size] (11 0) [real time] 2254 ms
[table size] (12 0) [real time] 3802 ms
[table size] (13 0) [real time] 6139 ms
[table size] (14 0) [real time] 10845 ms
[table size] (15 0) [real time] 21303 ms
[Evaluation Result]
  ()
  #(struct:Table dummy (dummy dummy) (((((-507 . 1) (8 . 1) (9 . 0) (12 . 1) (16 . 0) (17 . 0) (20 . 0) (21 . 0) (24 . 1) (25 . 1) (282 . 1) (283 . 1) (284 . 0) (285 . 0) (286 . 1) (287 . 0)) 438) . 1)))
[NEQ]
[table size] (16 0) [real time] 33464 ms
(#(struct:Table
   Scores
   (StudentID CourseID Points)
   (((-507 64 17) . 1)
    ((8 -447 9) . 1)
    ((9 -512 -1) . 1)
    ((12 0 16) . 1)
    ((16 1 -263) . 1)
    ((17 -512 -256) . 1)
    ((20 0 2) . 1)
    ((21 1 0) . 1)
    ((24 -512 4) . 1)
    ((25 0 128) . 1)
    ((282 1 224) . 1)
    ((283 2 8) . 1)
    ((284 511 -512) . 1)
    ((285 -512 -495) . 1)
    ((286 -512 32) . 1)
    ((287 505 1) . 1)))
 #(struct:Table Students (StudentNr StudentName) ()))

