[[config]] symbreak:#f, qex-encoding:#t
[inference time] 2
[constraint]
Scores,
ForallEQ[(r[2] > 2) ∧ (((r[0] = @0)))]

[query size] 3
[query aggr] #t
--------------------
[table size] (1 0) [real time] 12 ms
[table size] (2 0) [real time] 22 ms
[Evaluation Result]
  ()
  #(struct:Table dummy (dummy dummy) (((((157 . 1) (276 . 0) (491 . 1)) 542) . 1)))
[NEQ]
[table size] (3 0) [real time] 55 ms
(#(struct:Table
   Scores
   (StudentID CourseID Points)
   (((157 0 32) . 1) ((276 -512 -480) . 1) ((491 511 510) . 1)))
 #(struct:Table Students (StudentNr StudentName) ()))

