[[config]] symbreak:#f, qex-encoding:#t
[inference time] 2
[constraint]
Scores,
ForallEQ[(r[2] > 2) ∧ (((r[0] = @0)))]

[query size] 3
[query aggr] #t
--------------------
[table size] (1 0) [real time] 12 ms
[table size] (2 0) [real time] 22 ms
[table size] (3 0) [real time] 26 ms
[table size] (4 0) [real time] 39 ms
[table size] (5 0) [real time] 37 ms
[Evaluation Result]
  ()
  #(struct:Table dummy (dummy dummy) (((((-505 . 0) (257 . 1) (288 . 0) (420 . 0) (485 . 0) (487 . 1)) 288) . 1)))
[NEQ]
[table size] (6 0) [real time] 122 ms
(#(struct:Table
   Scores
   (StudentID CourseID Points)
   (((-505 -456 -512) . 1)
    ((257 -449 256) . 1)
    ((288 61 0) . 1)
    ((420 -389 -4) . 1)
    ((485 -263 -508) . 1)
    ((487 -8 32) . 1)))
 #(struct:Table Students (StudentNr StudentName) ()))

