[[config]] symbreak:#f, qex-encoding:#t
[inference time] 2
[constraint]
Scores,
ForallEQ[(r[2] > 2) ∧ (((r[0] = @0)))]

[query size] 3
[query aggr] #t
--------------------
[table size] (1 0) [real time] 12 ms
[table size] (2 0) [real time] 22 ms
[table size] (3 0) [real time] 28 ms
[table size] (4 0) [real time] 46 ms
[table size] (5 0) [real time] 39 ms
[table size] (6 0) [real time] 106 ms
[Evaluation Result]
  ()
  #(struct:Table dummy (dummy dummy) (((((-256 . 1) (264 . 0) (400 . 0) (408 . 0) (412 . 1) (413 . 1) (415 . 0)) 101) . 1)))
[NEQ]
[table size] (7 0) [real time] 243 ms
(#(struct:Table
   Scores
   (StudentID CourseID Points)
   (((-256 -512 32) . 1)
    ((264 -509 2) . 1)
    ((400 1 -512) . 1)
    ((408 3 1) . 1)
    ((412 -509 33) . 1)
    ((413 1 36) . 1)
    ((415 -512 0) . 1)))
 #(struct:Table Students (StudentNr StudentName) ()))

