[[config]] symbreak:#f, qex-encoding:#t
[inference time] 2
[constraint]
Scores,
ForallEQ[(r[2] > 2) ∧ (((r[0] = @0)))]

[query size] 3
[query aggr] #t
--------------------
[table size] (1 0) [real time] 12 ms
[table size] (2 0) [real time] 22 ms
[table size] (3 0) [real time] 23 ms
[table size] (4 0) [real time] 39 ms
[table size] (5 0) [real time] 45 ms
[table size] (6 0) [real time] 110 ms
[table size] (7 0) [real time] 215 ms
[Evaluation Result]
  ()
  #(struct:Table dummy (dummy dummy) (((((-512 . 1) (385 . 1) (386 . 0) (387 . 0) (481 . 0) (496 . 0) (497 . 1) (504 . 1)) 358) . 1)))
[NEQ]
[table size] (8 0) [real time] 444 ms
(#(struct:Table
   Scores
   (StudentID CourseID Points)
   (((-512 -400 32) . 1)
    ((385 -397 34) . 1)
    ((386 -281 2) . 1)
    ((387 -49 1) . 1)
    ((481 1 0) . 1)
    ((496 -511 -511) . 1)
    ((497 -256 4) . 1)
    ((504 1 288) . 1)))
 #(struct:Table Students (StudentNr StudentName) ()))

