[[config]] symbreak:#t, simplify-constr:#t, qex-encoding:#f
[inference time] 4
[constraint]
d,
ForallEQ[]
c,
ForallEQ[(r[2] = @0)]

[query size] 4 4
[query aggr] #t #t
--------------------
[table size] (1 1) [real time] 38 ms
[table size] (2 1) [real time] 27 ms
[table size] (2 2) [real time] 486 ms
[Table evaluation results]
  #(struct:Table dummy (dummy dummy) (((4 21000) . 1)))
  #(struct:Table dummy (dummy dummy) ())
[NEQ]
[table size] (3 2) [real time] 1771 ms
(#(struct:Table
   c
   (course_id title dept_name credits)
   (((-15 0 4 5) . 10) ((-14 -15 4 5) . 30) ((15 1 4 10) . 30)))
 #(struct:Table
   d
   (dept_name building budget)
   (((4 -12 1) . 25) ((4 -11 0) . 17))))

