[[config]] symbreak:#t, simplify-constr:#t, qex-encoding:#f
[inference time] 4
[constraint]
s,
ForallEQ[]
takes,
ForallEQ[]
student,
ForallEQ[(r[0] = @0)]
c,
ForallEQ[]

[query size] 8 8
[query aggr] #t #t
--------------------
[table size] (1 0 0 0 1 1 1) [real time] 44 ms
[table size] (2 0 0 0 1 1 1) [real time] 35 ms
[table size] (2 0 0 0 2 1 1) [real time] 28 ms
[table size] (2 0 0 0 2 2 1) [real time] 47 ms
[Table evaluation results]
  #(struct:Table dummy (dummy) (((-8) . 2)))
  #(struct:Table dummy (dummy) (((-8) . 1)))
[NEQ]
[table size] (2 0 0 0 2 2 2) [real time] 668 ms
(#(struct:Table
   c
   (course_id title dept_name credits)
   (((4 -4 -6 1) . 9) ((4 4 1 0) . 8)))
 #(struct:Table d (dept_name building budget) ())
 #(struct:Table i (ID name dept_name salary) ())
 #(struct:Table t (ID course_id sec_id year) ())
 #(struct:Table
   s
   (course_id sec_id year building room_number time_slot_id)
   (((4 -8 -4 4 4 1) . 13) ((4 -8 4 -4 -3 0) . 14)))
 #(struct:Table
   takes
   (ID course_id sec_id year grade)
   (((-8 4 -8 -4 1) . 11) ((-8 4 -8 -3 0) . 11)))
 #(struct:Table
   student
   (ID name dept_name tot_cred)
   (((-8 4 1 1) . 10) ((-8 5 -6 0) . 10))))

