[[config]] symbreak:#t, simplify-constr:#t, qex-encoding:#f
[inference time] 3
[constraint]
c,
ForallEQ[]

[query size] 5 5
[query aggr] #t #t
--------------------
[table size] (1 0 0 0 0 0 0) [real time] 55 ms
[Table evaluation results]
  #(struct:Table dummy (dummy) (((0) . 1)))
  #(struct:Table dummy (dummy) (((0) . 1) ((6) . 1)))
[NEQ]
[table size] (2 0 0 0 0 0 0) [real time] 273 ms
(#(struct:Table
   c
   (course_id title dept_name credits)
   (((-8 0 0 -7) . 1) ((-1 7 6 -8) . 1)))
 #(struct:Table d (dept_name building budget) ())
 #(struct:Table i (ID name dept_name salary) ())
 #(struct:Table t (ID course_id sec_id year) ())
 #(struct:Table s (course_id sec_id year building room_number time_slot_id) ())
 #(struct:Table takes (ID course_id sec_id year grade) ())
 #(struct:Table student (ID name dept_name tot_cred) ()))

