[[config]] symbreak:#t, simplify-constr:#t, qex-encoding:#f
[inference time] 4
[constraint]
student,
ForallEQ[(r[1] = @1)]
takes,
ForallEQ[(r[0] = @0)]
s,
ForallEQ[]

[query size] 7 7
[query aggr] #t #t
--------------------
[table size] (0 0 0 0 1 1 1) [real time] 42 ms
[table size] (0 0 0 0 2 1 1) [real time] 27 ms
[table size] (0 0 0 0 2 2 1) [real time] 741 ms
[table size] (0 0 0 0 2 2 2) [real time] 1035 ms
[Table evaluation results]
  #(struct:Table dummy (dummy dummy) (((0 -7) . 1)))
  #(struct:Table dummy (dummy dummy) ())
[NEQ]
[table size] (0 0 0 0 3 2 2) [real time] 28184 ms
(#(struct:Table c (course_id title dept_name credits) ())
 #(struct:Table d (dept_name building budget) ())
 #(struct:Table i (ID name dept_name salary) ())
 #(struct:Table t (ID course_id sec_id year) ())
 #(struct:Table
   s
   (course_id sec_id year building room_number time_slot_id)
   (((-8 -8 0 -4 -1 -8) . 3) ((-8 -8 0 -2 -2 -8) . 1) ((-8 -8 0 0 -5 -8) . 4)))
 #(struct:Table
   takes
   (ID course_id sec_id year grade)
   (((0 -8 -8 -4 1) . 1) ((0 -8 -8 -2 0) . 3)))
 #(struct:Table
   student
   (ID name dept_name tot_cred)
   (((-6 -7 1 1) . 15) ((0 -7 -4 0) . 3))))

