[[config]] symbreak:#t, simplify-constr:#t, qex-encoding:#f
[inference time] 5
[constraint]
flights,
ForallEQ[]

[query size] 5 5
[query aggr] #t #t
--------------------
[table size] (0 0 0 1) [real time] 60 ms
[Table evaluation results]
  #(struct:Table dummy (dummy dummy dummy) (((-1 -6 0) . 1)))
  #(struct:Table dummy (dummy dummy dummy) (((-1 -6 1) . 1)))
[NEQ]
[table size] (0 0 0 2) [real time] 1055 ms
(#(struct:Table months (mid month) ())
 #(struct:Table weekdays (did day_of_week) ())
 #(struct:Table carriers (cid name) ())
 #(struct:Table
   flights
   (fid
    year
    month_id
    day_of_month
    day_of_week_id
    carrier_id
    flight_num
    origin_city
    origin_state
    dest_city
    dest_state
    departure_delay
    taxi_out
    arrival_delay
    canceled
    actual_time
    distance
    capacity
    price)
   (((5 -4 -4 4 4 4 4 -1 4 -6 4 4 4 4 4 0 -3 -4 0) . 15))))

