[[config]] symbreak:#t, simplify-constr:#t, qex-encoding:#f
[inference time] 28
[constraint]
flights,
ForallEQ[]

[query size] 2 4
[query aggr] #t #t
--------------------
[table size] (0 0 0 1) [real time] 28 ms
[Table evaluation results]
  #(struct:Table dummy (dummy) (((255) . 1)))
  #(struct:Table dummy (dummy) ())
[NEQ]
[table size] (0 0 0 2) [real time] 55 ms
(#(struct:Table months (mid month) ())
 #(struct:Table weekdays (did day_of_week) ())
 #(struct:Table carriers (cid name) ())
 #(struct:Table
   flights
   (fid
    year
    month_id
    day_of_month
    day_of_week_id
    carrier_id
    flight_num
    origin_city
    origin_state
    dest_city
    dest_state
    departure_delay
    taxi_out
    arrival_delay
    canceled
    actual_time
    distance
    capacity
    price)
   (((-256 -256 -256 255 255 255 255 255 255 10 -145 0 0 0 0 -256 0 -64 1)
     .
     359)
    ((-1 -3 -3 0 0 0 0 0 0 -6 -256 255 255 255 255 254 255 31 0) . 285))))

