[[config]] symbreak:#t, simplify-constr:#t, qex-encoding:#f
[inference time] 5
[constraint]
flights,
ForallEQ[]

[query size] 5 4
[query aggr] #t #t
--------------------
[table size] (0 0 0 1) [real time] 58 ms
[Table evaluation results]
  #(struct:Table dummy (dummy dummy dummy) (((7 7 -2) . 1)))
  #(struct:Table dummy (dummy dummy dummy) ())
[NEQ]
[table size] (0 0 0 2) [real time] 239 ms
(#(struct:Table months (mid month) ())
 #(struct:Table weekdays (did day_of_week) ())
 #(struct:Table carriers (cid name) ())
 #(struct:Table
   flights
   (fid origin_city dest_city actual_time)
   (((-2 7 7 -2) . 15))))

