[[config]] symbreak:#t, qex-encoding:#t
[inference time] 2
[constraint]
Courses,
ForallEQ[((r[1] = @1))]
Students,
ForallEQ[((r[1] = @0))]
Scores,
ForallEQ[((r[2] > 2)) ∧ ((r[2] = @2))]

[query size] 6
[query aggr] #f
--------------------
[Evaluation Result]
  ()
  #(struct:Table dummy (dummy dummy dummy) (((0 0 3) . 1)))
[table size] (1 1 1) [real time] 31 ms
[Evaluation Result]
  ()
  #(struct:Table dummy (dummy dummy dummy) (((0 0 4) . 1)))
[table size] (2 1 1) [real time] 22 ms
[Evaluation Result]
  ()
  #(struct:Table dummy (dummy dummy dummy) (((0 0 3) . 1)))
[table size] (2 2 1) [real time] 27 ms
[Evaluation Result]
  ()
  #(struct:Table dummy (dummy dummy dummy) (((0 0 3) . 1)))
[table size] (2 2 2) [real time] 49 ms
[Evaluation Result]
  ()
  #(struct:Table dummy (dummy dummy dummy) (((0 0 3) . 1)))
[table size] (3 2 2) [real time] 27 ms
[Evaluation Result]
  ()
  #(struct:Table dummy (dummy dummy dummy) (((0 0 8) . 5)))
[table size] (3 3 2) [real time] 44 ms
[Evaluation Result]
  ()
  #(struct:Table dummy (dummy dummy dummy) (((0 0 3) . 6)))
[table size] (3 3 3) [real time] 44 ms
[Evaluation Result]
  ()
  #(struct:Table dummy (dummy dummy dummy) (((0 0 3) . 12)))
[table size] (4 3 3) [real time] 49 ms
[Evaluation Result]
  ()
  #(struct:Table dummy (dummy dummy dummy) (((0 0 3) . 20)))
[table size] (4 4 3) [real time] 122 ms
[Evaluation Result]
  ()
  #(struct:Table dummy (dummy dummy dummy) (((0 0 3) . 24)))
[table size] (4 4 4) [real time] 64 ms
[Evaluation Result]
  ()
  #(struct:Table dummy (dummy dummy dummy) (((0 0 3) . 39)))
[table size] (5 4 4) [real time] 73 ms
[Evaluation Result]
  ()
  #(struct:Table dummy (dummy dummy dummy) (((0 0 3) . 51)))
[table size] (5 5 4) [real time] 90 ms
[Evaluation Result]
  ()
  #(struct:Table dummy (dummy dummy dummy) (((0 0 3) . 68)))
[table size] (5 5 5) [real time] 104 ms
[Evaluation Result]
  ()
  #(struct:Table dummy (dummy dummy dummy) (((0 0 3) . 52)))
[table size] (6 5 5) [real time] 117 ms
[Evaluation Result]
  ()
  #(struct:Table dummy (dummy dummy dummy) (((0 0 3) . 104)))
[table size] (6 6 5) [real time] 128 ms
[Evaluation Result]
  ()
  #(struct:Table dummy (dummy dummy dummy) (((0 0 3) . 40)))
[table size] (6 6 6) [real time] 157 ms
[Evaluation Result]
  ()
  #(struct:Table dummy (dummy dummy dummy) (((0 0 3) . 155)))
[table size] (7 6 6) [real time] 171 ms
[Evaluation Result]
  ()
  #(struct:Table dummy (dummy dummy dummy) (((0 0 3) . 185)))
[table size] (7 7 6) [real time] 185 ms
[Evaluation Result]
  ()
  #(struct:Table dummy (dummy dummy dummy) (((0 0 3) . 222)))
[table size] (7 7 7) [real time] 226 ms
[Evaluation Result]
  ()
  #(struct:Table dummy (dummy dummy dummy) (((0 0 3) . 36)))
[table size] (8 7 7) [real time] 243 ms
[Evaluation Result]
  ()
  #(struct:Table dummy (dummy dummy dummy) (((0 0 3) . 300)))
[table size] (8 8 7) [real time] 274 ms
[Evaluation Result]
  ()
  #(struct:Table dummy (dummy dummy dummy) (((0 0 3) . 224)))
[table size] (8 8 8) [real time] 308 ms
[Evaluation Result]
  ()
  #(struct:Table dummy (dummy dummy dummy) (((0 0 3) . 231)))
[table size] (9 8 8) [real time] 332 ms
[Evaluation Result]
  ()
  #(struct:Table dummy (dummy dummy dummy) (((0 0 3) . 455)))
[table size] (9 9 8) [real time] 378 ms
[Evaluation Result]
  ()
  #(struct:Table dummy (dummy dummy dummy) (((0 0 3) . 264)))
[table size] (9 9 9) [real time] 436 ms
[Evaluation Result]
  ()
  #(struct:Table dummy (dummy dummy dummy) (((0 0 3) . 400)))
[table size] (10 9 9) [real time] 437 ms
[Evaluation Result]
  ()
  #(struct:Table dummy (dummy dummy dummy) (((0 0 3) . 656)))
[table size] (10 10 9) [real time] 469 ms
[Evaluation Result]
  ()
  #(struct:Table dummy (dummy dummy dummy) (((0 0 3) . 738)))
[table size] (10 10 10) [real time] 658 ms
[Evaluation Result]
  ()
  #(struct:Table dummy (dummy dummy dummy) (((0 0 3) . 819)))
[table size] (11 10 10) [real time] 588 ms
[Evaluation Result]
  ()
  #(struct:Table dummy (dummy dummy dummy) (((0 0 3) . 909)))
[table size] (11 11 10) [real time] 676 ms
[Evaluation Result]
  ()
  #(struct:Table dummy (dummy dummy dummy) (((0 0 4) . 380)))
[table size] (11 11 11) [real time] 721 ms
[Evaluation Result]
  ()
  #(struct:Table dummy (dummy dummy dummy) (((0 0 4) . 198)))
[table size] (12 11 11) [real time] 878 ms
[Evaluation Result]
  ()
  #(struct:Table dummy (dummy dummy dummy) (((0 0 3) . 1220)))
[table size] (12 12 11) [real time] 813 ms
[Evaluation Result]
  ()
  #(struct:Table dummy (dummy dummy dummy) (((0 0 3) . 1342)))
[table size] (12 12 12) [real time] 913 ms
[Evaluation Result]
  ()
  #(struct:Table dummy (dummy dummy dummy) (((0 0 3) . 1221)))
[table size] (13 12 12) [real time] 1098 ms
[Evaluation Result]
  ()
  #(struct:Table dummy (dummy dummy dummy) (((0 0 3) . 1595)))
[table size] (13 13 12) [real time] 1033 ms
[Evaluation Result]
  ()
  #(struct:Table dummy (dummy dummy dummy) (((0 0 3) . 1740)))
[table size] (13 13 13) [real time] 1216 ms
[Evaluation Result]
  ()
  #(struct:Table dummy (dummy dummy dummy) (((0 0 8) . 1596)))
[table size] (14 13 13) [real time] 1288 ms
[Evaluation Result]
  ()
  #(struct:Table dummy (dummy dummy dummy) (((0 0 3) . 2040)))
[table size] (14 14 13) [real time] 1701 ms
[Evaluation Result]
  ()
  #(struct:Table dummy (dummy dummy dummy) (((0 0 3) . 2210)))
[table size] (14 14 14) [real time] 1456 ms
[Evaluation Result]
  ()
  #(struct:Table dummy (dummy dummy dummy) (((0 0 3) . 2210)))
[table size] (15 14 14) [real time] 1684 ms
{"size":[1],"status":"UNSAT"}
