[[config]] symbreak:#t, qex-encoding:#t
[inference time] 2
[constraint]
Students,
ForallEQ[((r[1] = @0))]
Scores,
ForallEQ[((r[1] = 10) ∧ ((r[2] > 0))) ∧ ((r[2] = @1))]

[query size] 4
[query aggr] #f
--------------------
[Evaluation Result]
  ()
  #(struct:Table dummy (dummy dummy) (((0 1) . 1)))
[table size] (1 1) [real time] 32 ms
[Evaluation Result]
  ()
  #(struct:Table dummy (dummy dummy) (((0 2) . 1)))
[table size] (2 1) [real time] 16 ms
[Evaluation Result]
  ()
  #(struct:Table dummy (dummy dummy) (((0 1) . 2)))
[table size] (2 2) [real time] 18 ms
[Evaluation Result]
  ()
  #(struct:Table dummy (dummy dummy) (((0 1) . 3)))
[table size] (3 2) [real time] 56 ms
[Evaluation Result]
  ()
  #(struct:Table dummy (dummy dummy) (((0 1) . 5)))
[table size] (3 3) [real time] 31 ms
[Evaluation Result]
  ()
  #(struct:Table dummy (dummy dummy) (((0 1) . 4)))
[table size] (4 3) [real time] 33 ms
[Evaluation Result]
  ()
  #(struct:Table dummy (dummy dummy) (((0 1) . 10)))
[table size] (4 4) [real time] 35 ms
[Evaluation Result]
  ()
  #(struct:Table dummy (dummy dummy) (((0 1) . 5)))
[table size] (5 4) [real time] 43 ms
[Evaluation Result]
  ()
  #(struct:Table dummy (dummy dummy) (((0 1) . 17)))
[table size] (5 5) [real time] 57 ms
[Evaluation Result]
  ()
  #(struct:Table dummy (dummy dummy) (((0 1) . 13)))
[table size] (6 5) [real time] 125 ms
[Evaluation Result]
  ()
  #(struct:Table dummy (dummy dummy) (((0 1) . 26)))
[table size] (6 6) [real time] 65 ms
[Evaluation Result]
  ()
  #(struct:Table dummy (dummy dummy) (((0 1) . 25)))
[table size] (7 6) [real time] 82 ms
[Evaluation Result]
  ()
  #(struct:Table dummy (dummy dummy) (((0 1) . 37)))
[table size] (7 7) [real time] 87 ms
[Evaluation Result]
  ()
  #(struct:Table dummy (dummy dummy) (((0 1) . 43)))
[table size] (8 7) [real time] 93 ms
[Evaluation Result]
  ()
  #(struct:Table dummy (dummy dummy) (((0 1) . 50)))
[table size] (8 8) [real time] 111 ms
[Evaluation Result]
  ()
  #(struct:Table dummy (dummy dummy) (((0 1) . 50)))
[table size] (9 8) [real time] 131 ms
[Evaluation Result]
  ()
  #(struct:Table dummy (dummy dummy) (((0 1) . 65)))
[table size] (9 9) [real time] 138 ms
[Evaluation Result]
  ()
  #(struct:Table dummy (dummy dummy) (((0 1) . 73)))
[table size] (10 9) [real time] 158 ms
[Evaluation Result]
  ()
  #(struct:Table dummy (dummy dummy) (((0 1) . 82)))
[table size] (10 10) [real time] 165 ms
[Evaluation Result]
  ()
  #(struct:Table dummy (dummy dummy) (((0 1) . 64)))
[table size] (11 10) [real time] 188 ms
[Evaluation Result]
  ()
  #(struct:Table dummy (dummy dummy) (((0 1) . 101)))
[table size] (11 11) [real time] 207 ms
[Evaluation Result]
  ()
  #(struct:Table dummy (dummy dummy) (((0 1) . 111)))
[table size] (12 11) [real time] 231 ms
[Evaluation Result]
  ()
  #(struct:Table dummy (dummy dummy) (((0 1) . 122)))
[table size] (12 12) [real time] 249 ms
[Evaluation Result]
  ()
  #(struct:Table dummy (dummy dummy) (((0 1) . 133)))
[table size] (13 12) [real time] 276 ms
[Evaluation Result]
  ()
  #(struct:Table dummy (dummy dummy) (((0 1) . 145)))
[table size] (13 13) [real time] 298 ms
[Evaluation Result]
  ()
  #(struct:Table dummy (dummy dummy) (((0 1) . 157)))
[table size] (14 13) [real time] 306 ms
[Evaluation Result]
  ()
  #(struct:Table dummy (dummy dummy) (((0 1) . 170)))
[table size] (14 14) [real time] 331 ms
[Evaluation Result]
  ()
  #(struct:Table dummy (dummy dummy) (((0 1) . 183)))
[table size] (15 14) [real time] 359 ms
[Evaluation Result]
  ()
  #(struct:Table dummy (dummy dummy) (((0 1) . 197)))
[table size] (15 15) [real time] 408 ms
[Evaluation Result]
  ()
  #(struct:Table dummy (dummy dummy) (((0 1) . 211)))
[table size] (16 15) [real time] 439 ms
[Evaluation Result]
  ()
  #(struct:Table dummy (dummy dummy) (((0 1) . 226)))
[table size] (16 16) [real time] 566 ms
[Evaluation Result]
  ()
  #(struct:Table dummy (dummy dummy) (((0 1) . 241)))
[table size] (17 16) [real time] 496 ms
[Evaluation Result]
  ()
  #(struct:Table dummy (dummy dummy) (((0 1) . 257)))
[table size] (17 17) [real time] 517 ms
[Evaluation Result]
  ()
  #(struct:Table dummy (dummy dummy) (((0 1) . 273)))
[table size] (18 17) [real time] 540 ms
[Evaluation Result]
  ()
  #(struct:Table dummy (dummy dummy) (((0 1) . 290)))
[table size] (18 18) [real time] 587 ms
[Evaluation Result]
  ()
  #(struct:Table dummy (dummy dummy) (((0 1) . 307)))
[table size] (19 18) [real time] 631 ms
[Evaluation Result]
  ()
  #(struct:Table dummy (dummy dummy) (((0 1) . 325)))
[table size] (19 19) [real time] 647 ms
[Evaluation Result]
  ()
  #(struct:Table dummy (dummy dummy) (((0 1) . 343)))
[table size] (20 19) [real time] 700 ms
[Evaluation Result]
  ()
  #(struct:Table dummy (dummy dummy) (((0 1) . 362)))
[table size] (20 20) [real time] 778 ms
[Evaluation Result]
  ()
  #(struct:Table dummy (dummy dummy) (((0 1) . 381)))
[table size] (21 20) [real time] 959 ms
[Evaluation Result]
  ()
  #(struct:Table dummy (dummy dummy) (((0 1) . 401)))
[table size] (21 21) [real time] 868 ms
[Evaluation Result]
  ()
  #(struct:Table dummy (dummy dummy) (((0 1) . 421)))
[table size] (22 21) [real time] 938 ms
[Evaluation Result]
  ()
  #(struct:Table dummy (dummy dummy) (((0 1) . 442)))
[table size] (22 22) [real time] 989 ms
[Evaluation Result]
  ()
  #(struct:Table dummy (dummy dummy) (((0 1) . 463)))
[table size] (23 22) [real time] 964 ms
[Evaluation Result]
  ()
  #(struct:Table dummy (dummy dummy) (((0 1) . 485)))
[table size] (23 23) [real time] 995 ms
[Evaluation Result]
  ()
  #(struct:Table dummy (dummy dummy) (((0 1) . 507)))
[table size] (24 23) [real time] 1077 ms
[Evaluation Result]
  ()
  #(struct:Table dummy (dummy dummy) (((0 1) . 530)))
[table size] (24 24) [real time] 1456 ms
[Evaluation Result]
  ()
  #(struct:Table dummy (dummy dummy) (((0 1) . 553)))
[table size] (25 24) [real time] 1356 ms
{"size":[1],"status":"UNSAT"}
