[[config]] symbreak:#t, qex-encoding:#t
[inference time] 3
[constraint]
Scores,
ForallEQ[#t]
Scores,
ForallEQ[(((r[0] = @0)))]

[query size] 6
[query aggr] #t
--------------------
[Evaluation Result]
  ()
  #(struct:Table dummy (dummy dummy) (((0 0) . 1)))
[table size] (1 0) [real time] 32 ms
[Evaluation Result]
  ()
  #(struct:Table dummy (dummy dummy) (((-512 0) . 1) ((510 0) . 1)))
[table size] (2 0) [real time] 65 ms
[Evaluation Result]
  ()
  #(struct:Table dummy (dummy dummy) (((1 511) . 1)))
[table size] (3 0) [real time] 42 ms
[Evaluation Result]
  ()
  #(struct:Table dummy (dummy dummy) (((511 510) . 1)))
[table size] (4 0) [real time] 54 ms
[Evaluation Result]
  ()
  #(struct:Table dummy (dummy dummy) (((128 32) . 1)))
[table size] (5 0) [real time] 259 ms
[Evaluation Result]
  ()
  #(struct:Table dummy (dummy dummy) (((-216 505) . 1)))
[table size] (6 0) [real time] 441 ms
[Evaluation Result]
  ()
  #(struct:Table dummy (dummy dummy) (((82 328) . 1)))
[table size] (7 0) [real time] 997 ms
[Evaluation Result]
  ()
  #(struct:Table dummy (dummy dummy) (((333 3) . 1)))
[table size] (8 0) [real time] 1714 ms
[Evaluation Result]
  ()
  #(struct:Table dummy (dummy dummy) (((0 0) . 1) ((2 0) . 1) ((129 0) . 1)))
[table size] (9 0) [real time] 2418 ms
[Evaluation Result]
  ()
  #(struct:Table dummy (dummy dummy) (((64 385) . 1)))
[table size] (10 0) [real time] 3566 ms
[Evaluation Result]
  ()
  #(struct:Table dummy (dummy dummy) (((-512 0) . 1) ((-384 0) . 1)))
[table size] (11 0) [real time] 5479 ms
{"size":[1],"status":"UNSAT"}
