[[symbreak]] #t
[inference time] 10
[constraint]
flights,
ForallEQ[]
carriers,
ForallEQ[(r[1] = @0)]

--------------------
[query size] 4 4
[query aggr] #t #t
[table size] (0 0 1 1) [real time] 40 ms
[query size] 4 4
[query aggr] #t #t
[table size] (0 0 2 1) [real time] 35 ms
[query size] 4 4
[query aggr] #t #t
[Table evaluation results]
  #(struct:Table dummy (dummy) (((506) . 1) ((506) . 1)))
  #(struct:Table dummy (dummy) (((506) . 1)))
[NEQ]
[table size] (0 0 2 2) [real time] 6744 ms
(#(struct:Table months (mid month) ())
 #(struct:Table weekdays (did day_of_week) ())
 #(struct:Table carriers (cid name) (((506 506) . 780) ((506 506) . 1042)))
 #(struct:Table
   flights
   (fid
    year
    month_id
    day_of_month
    day_of_week_id
    carrier_id
    flight_num
    origin_city
    origin_state
    dest_city
    dest_state
    departure_delay
    taxi_out
    arrival_delay
    canceled
    actual_time
    distance
    capacity
    price)
   (((0 -1018 -896 0 0 506 0 0 0 0 0 0 0 0 0 0 0 0 0) . 1150)
    ((0 -506 -895 0 0 506 0 0 0 0 0 0 0 0 0 0 0 0 0) . 744))))

{"size":[1],"status":"UNSAT"}
