[[symbreak]] #t
[inference time] 8
[constraint]
flights,
ForallEQ[]
carriers,
ForallEQ[(r[1] = @0)]

--------------------
[query size] 4 4
[query aggr] #t #t
[table size] (0 0 1 1) [real time] 36 ms
[query size] 4 4
[query aggr] #t #t
[table size] (0 0 2 1) [real time] 103 ms
[query size] 4 4
[query aggr] #t #t
[Table evaluation results]
  #(struct:Table dummy (dummy) (((-3) . 0) ((-3) . 0) ((-3) . 1) ((-3) . 1)))
  #(struct:Table dummy (dummy) (((-3) . 1)))
[NEQ]
[table size] (0 0 2 2) [real time] 3133 ms
(#(struct:Table months (mid month) ())
 #(struct:Table weekdays (did day_of_week) ())
 #(struct:Table carriers (cid name) (((-3 -3) . 0) ((-1 -3) . 544)))
 #(struct:Table
   flights
   (fid
    year
    month_id
    day_of_month
    day_of_week_id
    carrier_id
    flight_num
    origin_city
    origin_state
    dest_city
    dest_state
    departure_delay
    taxi_out
    arrival_delay
    canceled
    actual_time
    distance
    capacity
    price)
   (((0 -512 0 0 0 -1 0 0 0 0 0 0 0 0 0 0 0 0 0) . 8)
    ((0 -512 -1022 0 0 -1 0 0 0 0 0 0 0 0 0 0 0 0 0) . 1024))))

{"size":[1],"status":"UNSAT"}
